2017-03-21 22:11:06,279 - logger.py:33 - tst_new - ok account: cny_fr: 32.545, btc_fr: 0.00998, cny_fz: 0.0, btc_fz: 0.0, rate: 0.003, state: even, BuyPrice: 8000, 
2017-03-21 22:11:06,279 - logger.py:33 - tst_new - huobi account: cny_fr: 33.50, btc_fr: 0.0028, cny_fz: 0.00, btc_fz: 0.0000, rate: 0.003, state: even, BuyPrice: 8000, 
2017-03-21 22:11:06,279 - logger.py:33 - tst_new - ok data: , 7280.5, 7270.0, 7279.0, 7268.0, 7252.79, 7266.0, 7251.0, 7276.6, 7270.0, 7253.0, 7252.03, 7265.0, 7259.48, 7260.0, 7269.0, 7270.0, 7260.0, 7269.99, 7306.0, 7281.0, 7274.02, 7309.98, 7307.0, 7314.0, 7308.0, 7285.52, 7285.17, 7320.0, 7319.0, 7320.0, 7313.0, 7313.0, 7290.0, 7310.22, 7310.0, 7298.99, 7298.18, 7290.5, 7295.0, 7290.01, 7285.17, 7280.0, 7290.0, 7262.1, 7275.62, 7265.1, 7290.0, 7295.0, 7271.0, 7271.06
2017-03-21 22:11:06,280 - logger.py:33 - tst_new - huobi data: , 7310, 7325.56, 7290, 7289.69, 7283.1, 7266, 7267.14, 7269.03, 7290, 7289.34, 7280, 7270, 7256.1, 7256, 7279.97, 7255.42, 7255, 7269.43, 7280, 7272.03, 7290.03, 7314, 7320, 7327, 7325.97, 7315.45, 7300.03, 7329.8, 7348, 7338.14, 7335.73, 7320.24, 7325.58, 7325, 7326.03, 7327.86, 7327.86, 7334.58, 7335.55, 7331.22, 7331.22, 7310.03, 7314.91, 7285.03, 7299.49, 7299.49, 7301.19, 7306.03, 7308.55, 7308.55
2017-03-21 22:11:06,281 - logger.py:37 - tst_new - decision: p1:7271.060000, p2:7308.550000, mu:-18.406800, sigma:16.807556, z_score:-1.135394, margin1:7.421880, margin2:29.943100
2017-03-21 22:11:06,281 - logger.py:37 - tst_new - =================BUY1
2017-03-21 22:11:11,040 - logger.py:33 - tst_new - False
2017-03-21 22:11:11,042 - logger.py:33 - tst_new - {"code":10,"msg":"没有足够的比特币","message":"没有足够的比特币"}
2017-03-22 20:58:41,852 - logger.py:33 - tst_new - ok account: cny_fr: 432.835, btc_fr: 0.00998, cny_fz: 0.0, btc_fz: 0.0, rate: 0.003, state: even, BuyPrice: 8000, 
2017-03-22 20:58:41,853 - logger.py:33 - tst_new - huobi account: cny_fr: 434.1, btc_fr: 0.0028, cny_fz: 0.0, btc_fz: 0.0, rate: 0.003, state: even, BuyPrice: 8000, 
2017-03-22 20:58:41,854 - logger.py:33 - tst_new - ok data: , 7180.0, 7109.99, 7101.0, 7139.26, 7138.0, 7140.0, 7150.0, 7150.0, 7100.58, 7080.0, 7105.0, 7100.0, 7119.0, 7099.09, 7050.02, 7064.0, 7049.91, 7049.0, 7080.0, 7088.0, 7090.73, 7102.0, 7070.21, 7069.0, 7100.0, 7127.0, 7100.11, 7150.0, 7120.0, 7130.0, 7140.0, 7166.0, 7150.0, 7143.0, 7160.0, 7146.0, 7120.0, 7123.0, 7130.0, 7118.0, 7118.01, 7097.06, 7091.3, 7070.0, 7118.95, 7100.0, 7090.0, 7088.89, 7059.0, 7043.8
2017-03-22 20:58:41,854 - logger.py:33 - tst_new - huobi data: , 7199, 7178.45, 7169.49, 7155.77, 7188.01, 7169.88, 7160.27, 7174, 7100, 7080.93, 7099, 7129.88, 7142.23, 7139, 7103, 7099.97, 7090, 7070, 7092.79, 7090, 7108, 7121, 7123, 7129, 7138, 7158.44, 7160.07, 7161.04, 7169, 7161, 7171.97, 7174.94, 7160.04, 7177.83, 7174.6, 7174.97, 7167.68, 7165, 7150, 7132, 7138.57, 7099.97, 7082, 7095.47, 7120, 7100, 7082.03, 7118.55, 7067, 7089.43
2017-03-22 20:58:41,873 - logger.py:37 - tst_new - decision: p1:7043.800000, p2:7089.430000, mu:-25.547200, sigma:19.873942, z_score:-1.010509, margin1:63.284200, margin2:17.562940
2017-03-22 20:58:41,874 - logger.py:37 - tst_new - =================BUY1
2017-03-22 20:58:41,875 - logger.py:44 - tst_new - [P2.!!!] Too few btc. Actual: 0, Need: 0.01
2017-03-22 20:58:41,875 - logger.py:33 - tst_new - no buy or sell this time
2017-03-22 20:59:02,938 - logger.py:33 - tst_new - ok account: cny_fr: 432.835, btc_fr: 0.00998, cny_fz: 0.0, btc_fz: 0.0, rate: 0.003, state: even, BuyPrice: 8000, 
2017-03-22 20:59:02,939 - logger.py:33 - tst_new - huobi account: cny_fr: 434.1, btc_fr: 0.0028, cny_fz: 0.0, btc_fz: 0.0, rate: 0.003, state: even, BuyPrice: 8000, 
2017-03-22 20:59:02,940 - logger.py:33 - tst_new - ok data: , 7180.0, 7109.99, 7101.0, 7139.26, 7138.0, 7140.0, 7150.0, 7150.0, 7100.58, 7080.0, 7105.0, 7100.0, 7119.0, 7099.09, 7050.02, 7064.0, 7049.91, 7049.0, 7080.0, 7088.0, 7090.73, 7102.0, 7070.21, 7069.0, 7100.0, 7127.0, 7100.11, 7150.0, 7120.0, 7130.0, 7140.0, 7166.0, 7150.0, 7143.0, 7160.0, 7146.0, 7120.0, 7123.0, 7130.0, 7118.0, 7118.01, 7097.06, 7091.3, 7070.0, 7118.95, 7100.0, 7090.0, 7088.89, 7059.0, 7041.52
2017-03-22 20:59:02,941 - logger.py:33 - tst_new - huobi data: , 7199, 7178.45, 7169.49, 7155.77, 7188.01, 7169.88, 7160.27, 7174, 7100, 7080.93, 7099, 7129.88, 7142.23, 7139, 7103, 7099.97, 7090, 7070, 7092.79, 7090, 7108, 7121, 7123, 7129, 7138, 7158.44, 7160.07, 7161.04, 7169, 7161, 7171.97, 7174.94, 7160.04, 7177.83, 7174.6, 7174.97, 7167.68, 7165, 7150, 7132, 7138.57, 7099.97, 7082, 7095.47, 7120, 7100, 7082.03, 7118.55, 7067, 7089.43
2017-03-22 20:59:02,945 - logger.py:37 - tst_new - decision: p1:7041.520000, p2:7089.430000, mu:-25.592800, sigma:19.922525, z_score:-1.120199, margin1:65.545960, margin2:17.540140
2017-03-22 20:59:02,946 - logger.py:37 - tst_new - =================BUY1
2017-03-22 20:59:02,946 - logger.py:44 - tst_new - [P2.!!!] Too few btc. Actual: 0, Need: 0.01
2017-03-22 20:59:02,947 - logger.py:33 - tst_new - no buy or sell this time
2017-03-22 20:59:22,926 - logger.py:33 - tst_new - ok account: cny_fr: 432.835, btc_fr: 0.00998, cny_fz: 0.0, btc_fz: 0.0, rate: 0.003, state: even, BuyPrice: 8000, 
2017-03-22 20:59:22,926 - logger.py:33 - tst_new - huobi account: cny_fr: 434.1, btc_fr: 0.0028, cny_fz: 0.0, btc_fz: 0.0, rate: 0.003, state: even, BuyPrice: 8000, 
2017-03-22 20:59:22,927 - logger.py:33 - tst_new - ok data: , 7180.0, 7109.99, 7101.0, 7139.26, 7138.0, 7140.0, 7150.0, 7150.0, 7100.58, 7080.0, 7105.0, 7100.0, 7119.0, 7099.09, 7050.02, 7064.0, 7049.91, 7049.0, 7080.0, 7088.0, 7090.73, 7102.0, 7070.21, 7069.0, 7100.0, 7127.0, 7100.11, 7150.0, 7120.0, 7130.0, 7140.0, 7166.0, 7150.0, 7143.0, 7160.0, 7146.0, 7120.0, 7123.0, 7130.0, 7118.0, 7118.01, 7097.06, 7091.3, 7070.0, 7118.95, 7100.0, 7090.0, 7088.89, 7059.0, 7041.52
2017-03-22 20:59:22,927 - logger.py:33 - tst_new - huobi data: , 7199, 7178.45, 7169.49, 7155.77, 7188.01, 7169.88, 7160.27, 7174, 7100, 7080.93, 7099, 7129.88, 7142.23, 7139, 7103, 7099.97, 7090, 7070, 7092.79, 7090, 7108, 7121, 7123, 7129, 7138, 7158.44, 7160.07, 7161.04, 7169, 7161, 7171.97, 7174.94, 7160.04, 7177.83, 7174.6, 7174.97, 7167.68, 7165, 7150, 7132, 7138.57, 7099.97, 7082, 7095.47, 7120, 7100, 7082.03, 7118.55, 7067, 7089.43
2017-03-22 20:59:22,932 - logger.py:37 - tst_new - decision: p1:7041.520000, p2:7089.430000, mu:-25.592800, sigma:19.922525, z_score:-1.120199, margin1:65.545960, margin2:17.540140
2017-03-22 20:59:22,932 - logger.py:37 - tst_new - =================BUY1
2017-03-22 20:59:22,933 - logger.py:44 - tst_new - [P2.!!!] Too few btc. Actual: 0, Need: 0.01
2017-03-22 20:59:22,933 - logger.py:33 - tst_new - no buy or sell this time
