2017-03-23 20:32:59,193 - logger.py:33 - tst_new - ok account: cny_fr: 432.835, btc_fr: 0.00998, cny_fz: 0.0, btc_fz: 0.0, rate: 0.003, state: even, BuyPrice: 8000, 
2017-03-23 20:32:59,193 - logger.py:33 - tst_new - huobi account: cny_fr: 434.1, btc_fr: 0.0028, cny_fz: 0.0, btc_fz: 0.0, rate: 0.003, state: even, BuyPrice: 8000, 
2017-03-23 20:32:59,193 - logger.py:33 - tst_new - ok data: , 6900.0, 6886.0, 6872.1, 6880.0, 6872.1, 6890.0, 6900.0, 6872.0, 6871.0, 6900.0, 6900.0, 6900.0, 6900.0, 6910.0, 6910.0, 6910.0, 6918.0, 6890.0, 6871.0, 6870.0, 6866.1, 6877.9, 6877.9, 6866.0, 6866.0, 6862.15, 6862.66, 6874.98, 6860.0, 6875.0, 6880.0, 6904.0, 6924.0, 6924.4, 6928.99, 6960.0, 6987.0, 6970.0, 6960.0, 6930.0, 6939.0, 6921.0, 6931.0, 6931.0, 6921.0, 6931.0, 6931.0, 6941.0, 6960.0, 6960.0
2017-03-23 20:32:59,193 - logger.py:33 - tst_new - huobi data: , 6995.53, 6995, 6995, 6995, 6993.72, 6989, 6985, 6981, 6981, 6970, 6970.06, 6960, 6948.5, 6971.89, 6957.44, 6975.97, 6963.89, 6971, 6974.43, 6955.01, 6969.55, 6956.94, 6956.94, 6941.03, 6943.01, 6945.87, 6964.43, 6960, 6951.13, 6958, 6958, 6960.3, 6981, 7020, 7002.29, 7010, 7034.44, 7029.97, 7028.97, 7010.47, 7014, 7006.55, 7021.97, 7023.87, 7024, 7010, 7007.21, 7020, 7033.93, 7035.47
2017-03-23 20:32:59,240 - logger.py:37 - tst_new - decision: p1:6960.000000, p2:7035.470000, mu:-81.250000, sigma:19.434603, z_score:0.297408, margin1:28.289400, margin2:103.910340
2017-03-23 20:32:59,240 - logger.py:33 - tst_new - no buy or sell this time
2017-03-23 20:33:15,578 - logger.py:33 - tst_new - ok account: cny_fr: 432.835, btc_fr: 0.00998, cny_fz: 0.0, btc_fz: 0.0, rate: 0.003, state: even, BuyPrice: 8000, 
2017-03-23 20:33:15,578 - logger.py:33 - tst_new - huobi account: cny_fr: 434.1, btc_fr: 0.0028, cny_fz: 0.0, btc_fz: 0.0, rate: 0.003, state: even, BuyPrice: 8000, 
2017-03-23 20:33:15,579 - logger.py:33 - tst_new - ok data: , 6900.0, 6886.0, 6872.1, 6880.0, 6872.1, 6890.0, 6900.0, 6872.0, 6871.0, 6900.0, 6900.0, 6900.0, 6900.0, 6910.0, 6910.0, 6910.0, 6918.0, 6890.0, 6871.0, 6870.0, 6866.1, 6877.9, 6877.9, 6866.0, 6866.0, 6862.15, 6862.66, 6874.98, 6860.0, 6875.0, 6880.0, 6904.0, 6924.0, 6924.4, 6928.99, 6960.0, 6987.0, 6970.0, 6960.0, 6930.0, 6939.0, 6921.0, 6931.0, 6931.0, 6921.0, 6931.0, 6931.0, 6941.0, 6960.0, 6960.0
2017-03-23 20:33:15,580 - logger.py:33 - tst_new - huobi data: , 6995.53, 6995, 6995, 6995, 6993.72, 6989, 6985, 6981, 6981, 6970, 6970.06, 6960, 6948.5, 6971.89, 6957.44, 6975.97, 6963.89, 6971, 6974.43, 6955.01, 6969.55, 6956.94, 6956.94, 6941.03, 6943.01, 6945.87, 6964.43, 6960, 6951.13, 6958, 6958, 6960.3, 6981, 7020, 7002.29, 7010, 7034.44, 7029.97, 7028.97, 7010.47, 7014, 7006.55, 7021.97, 7023.87, 7024, 7010, 7007.21, 7020, 7033.93, 7035.47
2017-03-23 20:33:15,584 - logger.py:37 - tst_new - decision: p1:6960.000000, p2:7035.470000, mu:-81.250000, sigma:19.434603, z_score:0.297408, margin1:28.289400, margin2:103.910340
2017-03-23 20:33:15,585 - logger.py:33 - tst_new - no buy or sell this time
2017-03-23 20:33:31,776 - logger.py:33 - tst_new - ok account: cny_fr: 432.835, btc_fr: 0.00998, cny_fz: 0.0, btc_fz: 0.0, rate: 0.003, state: even, BuyPrice: 8000, 
2017-03-23 20:33:31,776 - logger.py:33 - tst_new - huobi account: cny_fr: 434.1, btc_fr: 0.0028, cny_fz: 0.0, btc_fz: 0.0, rate: 0.003, state: even, BuyPrice: 8000, 
2017-03-23 20:33:31,776 - logger.py:33 - tst_new - ok data: , 6900.0, 6886.0, 6872.1, 6880.0, 6872.1, 6890.0, 6900.0, 6872.0, 6871.0, 6900.0, 6900.0, 6900.0, 6900.0, 6910.0, 6910.0, 6910.0, 6918.0, 6890.0, 6871.0, 6870.0, 6866.1, 6877.9, 6877.9, 6866.0, 6866.0, 6862.15, 6862.66, 6874.98, 6860.0, 6875.0, 6880.0, 6904.0, 6924.0, 6924.4, 6928.99, 6960.0, 6987.0, 6970.0, 6960.0, 6930.0, 6939.0, 6921.0, 6931.0, 6931.0, 6921.0, 6931.0, 6931.0, 6941.0, 6960.0, 6960.0
2017-03-23 20:33:31,776 - logger.py:33 - tst_new - huobi data: , 6995.53, 6995, 6995, 6995, 6993.72, 6989, 6985, 6981, 6981, 6970, 6970.06, 6960, 6948.5, 6971.89, 6957.44, 6975.97, 6963.89, 6971, 6974.43, 6955.01, 6969.55, 6956.94, 6956.94, 6941.03, 6943.01, 6945.87, 6964.43, 6960, 6951.13, 6958, 6958, 6960.3, 6981, 7020, 7002.29, 7010, 7034.44, 7029.97, 7028.97, 7010.47, 7014, 7006.55, 7021.97, 7023.87, 7024, 7010, 7007.21, 7020, 7033.93, 7050.03
2017-03-23 20:33:31,776 - logger.py:37 - tst_new - decision: p1:6960.000000, p2:7050.030000, mu:-81.541200, sigma:19.454886, z_score:-0.436333, margin1:28.143800, margin2:118.353860
2017-03-23 20:33:31,776 - logger.py:33 - tst_new - no buy or sell this time
2017-03-23 20:33:47,833 - logger.py:33 - tst_new - ok account: cny_fr: 432.835, btc_fr: 0.00998, cny_fz: 0.0, btc_fz: 0.0, rate: 0.003, state: even, BuyPrice: 8000, 
2017-03-23 20:33:47,833 - logger.py:33 - tst_new - huobi account: cny_fr: 434.1, btc_fr: 0.0028, cny_fz: 0.0, btc_fz: 0.0, rate: 0.003, state: even, BuyPrice: 8000, 
2017-03-23 20:33:47,833 - logger.py:33 - tst_new - ok data: , 6900.0, 6886.0, 6872.1, 6880.0, 6872.1, 6890.0, 6900.0, 6872.0, 6871.0, 6900.0, 6900.0, 6900.0, 6900.0, 6910.0, 6910.0, 6910.0, 6918.0, 6890.0, 6871.0, 6870.0, 6866.1, 6877.9, 6877.9, 6866.0, 6866.0, 6862.15, 6862.66, 6874.98, 6860.0, 6875.0, 6880.0, 6904.0, 6924.0, 6924.4, 6928.99, 6960.0, 6987.0, 6970.0, 6960.0, 6930.0, 6939.0, 6921.0, 6931.0, 6931.0, 6921.0, 6931.0, 6931.0, 6941.0, 6960.0, 6960.0
2017-03-23 20:33:47,833 - logger.py:33 - tst_new - huobi data: , 6995.53, 6995, 6995, 6995, 6993.72, 6989, 6985, 6981, 6981, 6970, 6970.06, 6960, 6948.5, 6971.89, 6957.44, 6975.97, 6963.89, 6971, 6974.43, 6955.01, 6969.55, 6956.94, 6956.94, 6941.03, 6943.01, 6945.87, 6964.43, 6960, 6951.13, 6958, 6958, 6960.3, 6981, 7020, 7002.29, 7010, 7034.44, 7029.97, 7028.97, 7010.47, 7014, 7006.55, 7021.97, 7023.87, 7024, 7010, 7007.21, 7020, 7033.93, 7050.03
2017-03-23 20:33:47,833 - logger.py:37 - tst_new - decision: p1:6960.000000, p2:7050.030000, mu:-81.541200, sigma:19.454886, z_score:-0.436333, margin1:28.143800, margin2:118.353860
2017-03-23 20:33:47,833 - logger.py:33 - tst_new - no buy or sell this time
2017-03-23 20:34:04,429 - logger.py:33 - tst_new - ok account: cny_fr: 432.835, btc_fr: 0.00998, cny_fz: 0.0, btc_fz: 0.0, rate: 0.003, state: even, BuyPrice: 8000, 
2017-03-23 20:34:04,429 - logger.py:33 - tst_new - huobi account: cny_fr: 434.1, btc_fr: 0.0028, cny_fz: 0.0, btc_fz: 0.0, rate: 0.003, state: even, BuyPrice: 8000, 
2017-03-23 20:34:04,429 - logger.py:33 - tst_new - ok data: , 6900.0, 6886.0, 6872.1, 6880.0, 6872.1, 6890.0, 6900.0, 6872.0, 6871.0, 6900.0, 6900.0, 6900.0, 6900.0, 6910.0, 6910.0, 6910.0, 6918.0, 6890.0, 6871.0, 6870.0, 6866.1, 6877.9, 6877.9, 6866.0, 6866.0, 6862.15, 6862.66, 6874.98, 6860.0, 6875.0, 6880.0, 6904.0, 6924.0, 6924.4, 6928.99, 6960.0, 6987.0, 6970.0, 6960.0, 6930.0, 6939.0, 6921.0, 6931.0, 6931.0, 6921.0, 6931.0, 6931.0, 6941.0, 6960.0, 6972.21
2017-03-23 20:34:04,429 - logger.py:33 - tst_new - huobi data: , 6995.53, 6995, 6995, 6995, 6993.72, 6989, 6985, 6981, 6981, 6970, 6970.06, 6960, 6948.5, 6971.89, 6957.44, 6975.97, 6963.89, 6971, 6974.43, 6955.01, 6969.55, 6956.94, 6956.94, 6941.03, 6943.01, 6945.87, 6964.43, 6960, 6951.13, 6958, 6958, 6960.3, 6981, 7020, 7002.29, 7010, 7034.44, 7029.97, 7028.97, 7010.47, 7014, 7006.55, 7021.97, 7023.87, 7024, 7010, 7007.21, 7020, 7033.93, 7050.03
2017-03-23 20:34:04,429 - logger.py:37 - tst_new - decision: p1:6972.210000, p2:7050.030000, mu:-81.297000, sigma:19.423406, z_score:0.179011, margin1:40.256120, margin2:118.231760
2017-03-23 20:34:04,429 - logger.py:33 - tst_new - no buy or sell this time
2017-03-23 20:34:20,579 - logger.py:33 - tst_new - ok account: cny_fr: 432.835, btc_fr: 0.00998, cny_fz: 0.0, btc_fz: 0.0, rate: 0.003, state: even, BuyPrice: 8000, 
2017-03-23 20:34:20,579 - logger.py:33 - tst_new - huobi account: cny_fr: 434.1, btc_fr: 0.0028, cny_fz: 0.0, btc_fz: 0.0, rate: 0.003, state: even, BuyPrice: 8000, 
2017-03-23 20:34:20,579 - logger.py:33 - tst_new - ok data: , 6900.0, 6886.0, 6872.1, 6880.0, 6872.1, 6890.0, 6900.0, 6872.0, 6871.0, 6900.0, 6900.0, 6900.0, 6900.0, 6910.0, 6910.0, 6910.0, 6918.0, 6890.0, 6871.0, 6870.0, 6866.1, 6877.9, 6877.9, 6866.0, 6866.0, 6862.15, 6862.66, 6874.98, 6860.0, 6875.0, 6880.0, 6904.0, 6924.0, 6924.4, 6928.99, 6960.0, 6987.0, 6970.0, 6960.0, 6930.0, 6939.0, 6921.0, 6931.0, 6931.0, 6921.0, 6931.0, 6931.0, 6941.0, 6960.0, 6972.21
2017-03-23 20:34:20,649 - logger.py:33 - tst_new - huobi data: , 6995.53, 6995, 6995, 6995, 6993.72, 6989, 6985, 6981, 6981, 6970, 6970.06, 6960, 6948.5, 6971.89, 6957.44, 6975.97, 6963.89, 6971, 6974.43, 6955.01, 6969.55, 6956.94, 6956.94, 6941.03, 6943.01, 6945.87, 6964.43, 6960, 6951.13, 6958, 6958, 6960.3, 6981, 7020, 7002.29, 7010, 7034.44, 7029.97, 7028.97, 7010.47, 7014, 7006.55, 7021.97, 7023.87, 7024, 7010, 7007.21, 7020, 7033.93, 7050.03
2017-03-23 20:34:20,650 - logger.py:37 - tst_new - decision: p1:6972.210000, p2:7050.030000, mu:-81.297000, sigma:19.423406, z_score:0.179011, margin1:40.256120, margin2:118.231760
2017-03-23 20:34:20,651 - logger.py:33 - tst_new - no buy or sell this time
2017-03-23 20:34:37,048 - logger.py:33 - tst_new - ok account: cny_fr: 432.835, btc_fr: 0.00998, cny_fz: 0.0, btc_fz: 0.0, rate: 0.003, state: even, BuyPrice: 8000, 
2017-03-23 20:34:37,049 - logger.py:33 - tst_new - huobi account: cny_fr: 434.1, btc_fr: 0.0028, cny_fz: 0.0, btc_fz: 0.0, rate: 0.003, state: even, BuyPrice: 8000, 
2017-03-23 20:34:37,049 - logger.py:33 - tst_new - ok data: , 6900.0, 6886.0, 6872.1, 6880.0, 6872.1, 6890.0, 6900.0, 6872.0, 6871.0, 6900.0, 6900.0, 6900.0, 6900.0, 6910.0, 6910.0, 6910.0, 6918.0, 6890.0, 6871.0, 6870.0, 6866.1, 6877.9, 6877.9, 6866.0, 6866.0, 6862.15, 6862.66, 6874.98, 6860.0, 6875.0, 6880.0, 6904.0, 6924.0, 6924.4, 6928.99, 6960.0, 6987.0, 6970.0, 6960.0, 6930.0, 6939.0, 6921.0, 6931.0, 6931.0, 6921.0, 6931.0, 6931.0, 6941.0, 6960.0, 6950.0
2017-03-23 20:34:37,050 - logger.py:33 - tst_new - huobi data: , 6995.53, 6995, 6995, 6995, 6993.72, 6989, 6985, 6981, 6981, 6970, 6970.06, 6960, 6948.5, 6971.89, 6957.44, 6975.97, 6963.89, 6971, 6974.43, 6955.01, 6969.55, 6956.94, 6956.94, 6941.03, 6943.01, 6945.87, 6964.43, 6960, 6951.13, 6958, 6958, 6960.3, 6981, 7020, 7002.29, 7010, 7034.44, 7029.97, 7028.97, 7010.47, 7014, 7006.55, 7021.97, 7023.87, 7024, 7010, 7007.21, 7020, 7033.93, 7050.03
2017-03-23 20:34:37,053 - logger.py:37 - tst_new - decision: p1:6950.000000, p2:7050.030000, mu:-81.741200, sigma:19.592042, z_score:-0.933481, margin1:18.223800, margin2:118.453860
2017-03-23 20:34:37,053 - logger.py:33 - tst_new - no buy or sell this time
2017-03-23 20:34:53,322 - logger.py:33 - tst_new - ok account: cny_fr: 432.835, btc_fr: 0.00998, cny_fz: 0.0, btc_fz: 0.0, rate: 0.003, state: even, BuyPrice: 8000, 
2017-03-23 20:34:53,322 - logger.py:33 - tst_new - huobi account: cny_fr: 434.1, btc_fr: 0.0028, cny_fz: 0.0, btc_fz: 0.0, rate: 0.003, state: even, BuyPrice: 8000, 
2017-03-23 20:34:53,323 - logger.py:33 - tst_new - ok data: , 6900.0, 6886.0, 6872.1, 6880.0, 6872.1, 6890.0, 6900.0, 6872.0, 6871.0, 6900.0, 6900.0, 6900.0, 6900.0, 6910.0, 6910.0, 6910.0, 6918.0, 6890.0, 6871.0, 6870.0, 6866.1, 6877.9, 6877.9, 6866.0, 6866.0, 6862.15, 6862.66, 6874.98, 6860.0, 6875.0, 6880.0, 6904.0, 6924.0, 6924.4, 6928.99, 6960.0, 6987.0, 6970.0, 6960.0, 6930.0, 6939.0, 6921.0, 6931.0, 6931.0, 6921.0, 6931.0, 6931.0, 6941.0, 6960.0, 6950.0
2017-03-23 20:34:53,323 - logger.py:33 - tst_new - huobi data: , 6995.53, 6995, 6995, 6995, 6993.72, 6989, 6985, 6981, 6981, 6970, 6970.06, 6960, 6948.5, 6971.89, 6957.44, 6975.97, 6963.89, 6971, 6974.43, 6955.01, 6969.55, 6956.94, 6956.94, 6941.03, 6943.01, 6945.87, 6964.43, 6960, 6951.13, 6958, 6958, 6960.3, 6981, 7020, 7002.29, 7010, 7034.44, 7029.97, 7028.97, 7010.47, 7014, 7006.55, 7021.97, 7023.87, 7024, 7010, 7007.21, 7020, 7033.93, 7050.03
2017-03-23 20:34:53,326 - logger.py:37 - tst_new - decision: p1:6950.000000, p2:7050.030000, mu:-81.741200, sigma:19.592042, z_score:-0.933481, margin1:18.223800, margin2:118.453860
2017-03-23 20:34:53,326 - logger.py:33 - tst_new - no buy or sell this time
2017-03-23 20:37:29,995 - logger.py:33 - tst_new - ok account: cny_fr: 432.835, btc_fr: 0.00998, cny_fz: 0.0, btc_fz: 0.0, rate: 0.003, state: even, BuyPrice: 8000, 
2017-03-23 20:37:29,996 - logger.py:33 - tst_new - huobi account: cny_fr: 434.1, btc_fr: 0.0028, cny_fz: 0.0, btc_fz: 0.0, rate: 0.003, state: even, BuyPrice: 8000, 
2017-03-23 20:37:29,997 - logger.py:33 - tst_new - ok data: , 6886.0, 6872.1, 6880.0, 6872.1, 6890.0, 6900.0, 6872.0, 6871.0, 6900.0, 6900.0, 6900.0, 6900.0, 6910.0, 6910.0, 6910.0, 6918.0, 6890.0, 6871.0, 6870.0, 6866.1, 6877.9, 6877.9, 6866.0, 6866.0, 6862.15, 6862.66, 6874.98, 6860.0, 6875.0, 6880.0, 6904.0, 6924.0, 6924.4, 6928.99, 6960.0, 6987.0, 6970.0, 6960.0, 6930.0, 6939.0, 6921.0, 6931.0, 6931.0, 6921.0, 6931.0, 6931.0, 6941.0, 6960.0, 6950.0, 6930.1
2017-03-23 20:37:29,998 - logger.py:33 - tst_new - huobi data: , 6995, 6995, 6995, 6993.72, 6989, 6985, 6981, 6981, 6970, 6970.06, 6960, 6948.5, 6971.89, 6957.44, 6975.97, 6963.89, 6971, 6974.43, 6955.01, 6969.55, 6956.94, 6956.94, 6941.03, 6943.01, 6945.87, 6964.43, 6960, 6951.13, 6958, 6958, 6960.3, 6981, 7020, 7002.29, 7010, 7034.44, 7029.97, 7028.97, 7010.47, 7014, 7006.55, 7021.97, 7023.87, 7024, 7010, 7007.21, 7020, 7033.93, 7050, 7051.15
2017-03-23 20:37:30,002 - logger.py:37 - tst_new - decision: p1:6930.100000, p2:7051.150000, mu:-82.251000, sigma:20.264928, z_score:-1.914589, margin1:2.372900, margin2:118.719200
2017-03-23 20:37:30,003 - logger.py:37 - tst_new - =================BUY1
2017-03-23 20:37:30,003 - logger.py:44 - tst_new - [P2.!!!] Too few btc. Actual: 0, Need: 0.01
2017-03-23 20:37:30,004 - logger.py:33 - tst_new - no buy or sell this time
2017-03-23 20:37:46,024 - logger.py:33 - tst_new - ok account: cny_fr: 432.835, btc_fr: 0.00998, cny_fz: 0.0, btc_fz: 0.0, rate: 0.003, state: even, BuyPrice: 8000, 
2017-03-23 20:37:46,024 - logger.py:33 - tst_new - huobi account: cny_fr: 434.1, btc_fr: 0.0028, cny_fz: 0.0, btc_fz: 0.0, rate: 0.003, state: even, BuyPrice: 8000, 
2017-03-23 20:37:46,040 - logger.py:33 - tst_new - ok data: , 6886.0, 6872.1, 6880.0, 6872.1, 6890.0, 6900.0, 6872.0, 6871.0, 6900.0, 6900.0, 6900.0, 6900.0, 6910.0, 6910.0, 6910.0, 6918.0, 6890.0, 6871.0, 6870.0, 6866.1, 6877.9, 6877.9, 6866.0, 6866.0, 6862.15, 6862.66, 6874.98, 6860.0, 6875.0, 6880.0, 6904.0, 6924.0, 6924.4, 6928.99, 6960.0, 6987.0, 6970.0, 6960.0, 6930.0, 6939.0, 6921.0, 6931.0, 6931.0, 6921.0, 6931.0, 6931.0, 6941.0, 6960.0, 6950.0, 6930.1
2017-03-23 20:37:46,040 - logger.py:33 - tst_new - huobi data: , 6995, 6995, 6995, 6993.72, 6989, 6985, 6981, 6981, 6970, 6970.06, 6960, 6948.5, 6971.89, 6957.44, 6975.97, 6963.89, 6971, 6974.43, 6955.01, 6969.55, 6956.94, 6956.94, 6941.03, 6943.01, 6945.87, 6964.43, 6960, 6951.13, 6958, 6958, 6960.3, 6981, 7020, 7002.29, 7010, 7034.44, 7029.97, 7028.97, 7010.47, 7014, 7006.55, 7021.97, 7023.87, 7024, 7010, 7007.21, 7020, 7033.93, 7050, 7050.23
2017-03-23 20:37:46,040 - logger.py:37 - tst_new - decision: p1:6930.100000, p2:7050.230000, mu:-82.232600, sigma:20.230079, z_score:-1.873319, margin1:2.363700, margin2:117.806560
2017-03-23 20:37:46,040 - logger.py:37 - tst_new - =================BUY1
2017-03-23 20:37:46,040 - logger.py:44 - tst_new - [P2.!!!] Too few btc. Actual: 0, Need: 0.01
2017-03-23 20:37:46,040 - logger.py:33 - tst_new - no buy or sell this time
2017-03-23 20:38:02,509 - logger.py:33 - tst_new - ok account: cny_fr: 432.835, btc_fr: 0.00998, cny_fz: 0.0, btc_fz: 0.0, rate: 0.003, state: even, BuyPrice: 8000, 
2017-03-23 20:38:02,509 - logger.py:33 - tst_new - huobi account: cny_fr: 434.1, btc_fr: 0.0028, cny_fz: 0.0, btc_fz: 0.0, rate: 0.003, state: even, BuyPrice: 8000, 
2017-03-23 20:38:02,509 - logger.py:33 - tst_new - ok data: , 6886.0, 6872.1, 6880.0, 6872.1, 6890.0, 6900.0, 6872.0, 6871.0, 6900.0, 6900.0, 6900.0, 6900.0, 6910.0, 6910.0, 6910.0, 6918.0, 6890.0, 6871.0, 6870.0, 6866.1, 6877.9, 6877.9, 6866.0, 6866.0, 6862.15, 6862.66, 6874.98, 6860.0, 6875.0, 6880.0, 6904.0, 6924.0, 6924.4, 6928.99, 6960.0, 6987.0, 6970.0, 6960.0, 6930.0, 6939.0, 6921.0, 6931.0, 6931.0, 6921.0, 6931.0, 6931.0, 6941.0, 6960.0, 6950.0, 6930.1
2017-03-23 20:38:02,509 - logger.py:33 - tst_new - huobi data: , 6995, 6995, 6995, 6993.72, 6989, 6985, 6981, 6981, 6970, 6970.06, 6960, 6948.5, 6971.89, 6957.44, 6975.97, 6963.89, 6971, 6974.43, 6955.01, 6969.55, 6956.94, 6956.94, 6941.03, 6943.01, 6945.87, 6964.43, 6960, 6951.13, 6958, 6958, 6960.3, 6981, 7020, 7002.29, 7010, 7034.44, 7029.97, 7028.97, 7010.47, 7014, 7006.55, 7021.97, 7023.87, 7024, 7010, 7007.21, 7020, 7033.93, 7050, 7050
2017-03-23 20:38:02,509 - logger.py:37 - tst_new - decision: p1:6930.100000, p2:7050.000000, mu:-82.228000, sigma:20.221485, z_score:-1.862969, margin1:2.361400, margin2:117.578400
2017-03-23 20:38:02,524 - logger.py:37 - tst_new - =================BUY1
2017-03-23 20:38:02,524 - logger.py:44 - tst_new - [P2.!!!] Too few btc. Actual: 0, Need: 0.01
2017-03-23 20:38:02,524 - logger.py:33 - tst_new - no buy or sell this time
2017-03-23 20:38:18,559 - logger.py:33 - tst_new - ok account: cny_fr: 432.835, btc_fr: 0.00998, cny_fz: 0.0, btc_fz: 0.0, rate: 0.003, state: even, BuyPrice: 8000, 
2017-03-23 20:38:18,559 - logger.py:33 - tst_new - huobi account: cny_fr: 434.1, btc_fr: 0.0028, cny_fz: 0.0, btc_fz: 0.0, rate: 0.003, state: even, BuyPrice: 8000, 
2017-03-23 20:38:18,559 - logger.py:33 - tst_new - ok data: , 6886.0, 6872.1, 6880.0, 6872.1, 6890.0, 6900.0, 6872.0, 6871.0, 6900.0, 6900.0, 6900.0, 6900.0, 6910.0, 6910.0, 6910.0, 6918.0, 6890.0, 6871.0, 6870.0, 6866.1, 6877.9, 6877.9, 6866.0, 6866.0, 6862.15, 6862.66, 6874.98, 6860.0, 6875.0, 6880.0, 6904.0, 6924.0, 6924.4, 6928.99, 6960.0, 6987.0, 6970.0, 6960.0, 6930.0, 6939.0, 6921.0, 6931.0, 6931.0, 6921.0, 6931.0, 6931.0, 6941.0, 6960.0, 6950.0, 6930.1
2017-03-23 20:38:18,559 - logger.py:33 - tst_new - huobi data: , 6995, 6995, 6995, 6993.72, 6989, 6985, 6981, 6981, 6970, 6970.06, 6960, 6948.5, 6971.89, 6957.44, 6975.97, 6963.89, 6971, 6974.43, 6955.01, 6969.55, 6956.94, 6956.94, 6941.03, 6943.01, 6945.87, 6964.43, 6960, 6951.13, 6958, 6958, 6960.3, 6981, 7020, 7002.29, 7010, 7034.44, 7029.97, 7028.97, 7010.47, 7014, 7006.55, 7021.97, 7023.87, 7024, 7010, 7007.21, 7020, 7033.93, 7050, 7050
2017-03-23 20:38:18,559 - logger.py:37 - tst_new - decision: p1:6930.100000, p2:7050.000000, mu:-82.228000, sigma:20.221485, z_score:-1.862969, margin1:2.361400, margin2:117.578400
2017-03-23 20:38:18,559 - logger.py:37 - tst_new - =================BUY1
2017-03-23 20:38:18,559 - logger.py:44 - tst_new - [P2.!!!] Too few btc. Actual: 0, Need: 0.01
2017-03-23 20:38:18,559 - logger.py:33 - tst_new - no buy or sell this time
2017-03-23 20:38:34,633 - logger.py:33 - tst_new - ok account: cny_fr: 432.835, btc_fr: 0.00998, cny_fz: 0.0, btc_fz: 0.0, rate: 0.003, state: even, BuyPrice: 8000, 
2017-03-23 20:38:34,633 - logger.py:33 - tst_new - huobi account: cny_fr: 434.1, btc_fr: 0.0028, cny_fz: 0.0, btc_fz: 0.0, rate: 0.003, state: even, BuyPrice: 8000, 
2017-03-23 20:38:34,633 - logger.py:33 - tst_new - ok data: , 6886.0, 6872.1, 6880.0, 6872.1, 6890.0, 6900.0, 6872.0, 6871.0, 6900.0, 6900.0, 6900.0, 6900.0, 6910.0, 6910.0, 6910.0, 6918.0, 6890.0, 6871.0, 6870.0, 6866.1, 6877.9, 6877.9, 6866.0, 6866.0, 6862.15, 6862.66, 6874.98, 6860.0, 6875.0, 6880.0, 6904.0, 6924.0, 6924.4, 6928.99, 6960.0, 6987.0, 6970.0, 6960.0, 6930.0, 6939.0, 6921.0, 6931.0, 6931.0, 6921.0, 6931.0, 6931.0, 6941.0, 6960.0, 6950.0, 6930.1
2017-03-23 20:38:34,633 - logger.py:33 - tst_new - huobi data: , 6995, 6995, 6995, 6993.72, 6989, 6985, 6981, 6981, 6970, 6970.06, 6960, 6948.5, 6971.89, 6957.44, 6975.97, 6963.89, 6971, 6974.43, 6955.01, 6969.55, 6956.94, 6956.94, 6941.03, 6943.01, 6945.87, 6964.43, 6960, 6951.13, 6958, 6958, 6960.3, 6981, 7020, 7002.29, 7010, 7034.44, 7029.97, 7028.97, 7010.47, 7014, 7006.55, 7021.97, 7023.87, 7024, 7010, 7007.21, 7020, 7033.93, 7050, 7050
2017-03-23 20:38:34,633 - logger.py:37 - tst_new - decision: p1:6930.100000, p2:7050.000000, mu:-82.228000, sigma:20.221485, z_score:-1.862969, margin1:2.361400, margin2:117.578400
2017-03-23 20:38:34,633 - logger.py:37 - tst_new - =================BUY1
2017-03-23 20:38:34,633 - logger.py:44 - tst_new - [P2.!!!] Too few btc. Actual: 0, Need: 0.01
2017-03-23 20:38:34,633 - logger.py:33 - tst_new - no buy or sell this time
2017-03-23 20:38:50,989 - logger.py:33 - tst_new - ok account: cny_fr: 432.835, btc_fr: 0.00998, cny_fz: 0.0, btc_fz: 0.0, rate: 0.003, state: even, BuyPrice: 8000, 
2017-03-23 20:38:50,990 - logger.py:33 - tst_new - huobi account: cny_fr: 434.1, btc_fr: 0.0028, cny_fz: 0.0, btc_fz: 0.0, rate: 0.003, state: even, BuyPrice: 8000, 
2017-03-23 20:38:50,991 - logger.py:33 - tst_new - ok data: , 6886.0, 6872.1, 6880.0, 6872.1, 6890.0, 6900.0, 6872.0, 6871.0, 6900.0, 6900.0, 6900.0, 6900.0, 6910.0, 6910.0, 6910.0, 6918.0, 6890.0, 6871.0, 6870.0, 6866.1, 6877.9, 6877.9, 6866.0, 6866.0, 6862.15, 6862.66, 6874.98, 6860.0, 6875.0, 6880.0, 6904.0, 6924.0, 6924.4, 6928.99, 6960.0, 6987.0, 6970.0, 6960.0, 6930.0, 6939.0, 6921.0, 6931.0, 6931.0, 6921.0, 6931.0, 6931.0, 6941.0, 6960.0, 6950.0, 6931.0
2017-03-23 20:38:50,992 - logger.py:33 - tst_new - huobi data: , 6995, 6995, 6995, 6993.72, 6989, 6985, 6981, 6981, 6970, 6970.06, 6960, 6948.5, 6971.89, 6957.44, 6975.97, 6963.89, 6971, 6974.43, 6955.01, 6969.55, 6956.94, 6956.94, 6941.03, 6943.01, 6945.87, 6964.43, 6960, 6951.13, 6958, 6958, 6960.3, 6981, 7020, 7002.29, 7010, 7034.44, 7029.97, 7028.97, 7010.47, 7014, 7006.55, 7021.97, 7023.87, 7024, 7010, 7007.21, 7020, 7033.93, 7050, 7050
2017-03-23 20:38:50,996 - logger.py:37 - tst_new - decision: p1:6931.000000, p2:7050.000000, mu:-82.210000, sigma:20.188317, z_score:-1.822341, margin1:1.468600, margin2:117.569400
2017-03-23 20:38:50,997 - logger.py:37 - tst_new - =================BUY1
2017-03-23 20:38:50,997 - logger.py:44 - tst_new - [P2.!!!] Too few btc. Actual: 0, Need: 0.01
2017-03-23 20:38:50,998 - logger.py:33 - tst_new - no buy or sell this time
2017-03-23 20:39:07,406 - logger.py:33 - tst_new - ok account: cny_fr: 432.835, btc_fr: 0.00998, cny_fz: 0.0, btc_fz: 0.0, rate: 0.003, state: even, BuyPrice: 8000, 
2017-03-23 20:39:07,406 - logger.py:33 - tst_new - huobi account: cny_fr: 434.1, btc_fr: 0.0028, cny_fz: 0.0, btc_fz: 0.0, rate: 0.003, state: even, BuyPrice: 8000, 
2017-03-23 20:39:07,406 - logger.py:33 - tst_new - ok data: , 6886.0, 6872.1, 6880.0, 6872.1, 6890.0, 6900.0, 6872.0, 6871.0, 6900.0, 6900.0, 6900.0, 6900.0, 6910.0, 6910.0, 6910.0, 6918.0, 6890.0, 6871.0, 6870.0, 6866.1, 6877.9, 6877.9, 6866.0, 6866.0, 6862.15, 6862.66, 6874.98, 6860.0, 6875.0, 6880.0, 6904.0, 6924.0, 6924.4, 6928.99, 6960.0, 6987.0, 6970.0, 6960.0, 6930.0, 6939.0, 6921.0, 6931.0, 6931.0, 6921.0, 6931.0, 6931.0, 6941.0, 6960.0, 6950.0, 6931.0
2017-03-23 20:39:07,406 - logger.py:33 - tst_new - huobi data: , 6995, 6995, 6995, 6993.72, 6989, 6985, 6981, 6981, 6970, 6970.06, 6960, 6948.5, 6971.89, 6957.44, 6975.97, 6963.89, 6971, 6974.43, 6955.01, 6969.55, 6956.94, 6956.94, 6941.03, 6943.01, 6945.87, 6964.43, 6960, 6951.13, 6958, 6958, 6960.3, 6981, 7020, 7002.29, 7010, 7034.44, 7029.97, 7028.97, 7010.47, 7014, 7006.55, 7021.97, 7023.87, 7024, 7010, 7007.21, 7020, 7033.93, 7050, 7053.45
2017-03-23 20:39:07,407 - logger.py:37 - tst_new - decision: p1:6931.000000, p2:7053.450000, mu:-82.279000, sigma:20.319411, z_score:-1.976977, margin1:1.503100, margin2:120.991800
2017-03-23 20:39:07,407 - logger.py:37 - tst_new - =================BUY1
2017-03-23 20:39:07,407 - logger.py:44 - tst_new - [P2.!!!] Too few btc. Actual: 0, Need: 0.01
2017-03-23 20:39:07,407 - logger.py:33 - tst_new - no buy or sell this time
2017-03-23 20:39:23,506 - logger.py:33 - tst_new - ok account: cny_fr: 432.835, btc_fr: 0.00998, cny_fz: 0.0, btc_fz: 0.0, rate: 0.003, state: even, BuyPrice: 8000, 
2017-03-23 20:39:23,507 - logger.py:33 - tst_new - huobi account: cny_fr: 434.1, btc_fr: 0.0028, cny_fz: 0.0, btc_fz: 0.0, rate: 0.003, state: even, BuyPrice: 8000, 
2017-03-23 20:39:23,507 - logger.py:33 - tst_new - ok data: , 6886.0, 6872.1, 6880.0, 6872.1, 6890.0, 6900.0, 6872.0, 6871.0, 6900.0, 6900.0, 6900.0, 6900.0, 6910.0, 6910.0, 6910.0, 6918.0, 6890.0, 6871.0, 6870.0, 6866.1, 6877.9, 6877.9, 6866.0, 6866.0, 6862.15, 6862.66, 6874.98, 6860.0, 6875.0, 6880.0, 6904.0, 6924.0, 6924.4, 6928.99, 6960.0, 6987.0, 6970.0, 6960.0, 6930.0, 6939.0, 6921.0, 6931.0, 6931.0, 6921.0, 6931.0, 6931.0, 6941.0, 6960.0, 6950.0, 6931.0
2017-03-23 20:39:23,508 - logger.py:33 - tst_new - huobi data: , 6995, 6995, 6995, 6993.72, 6989, 6985, 6981, 6981, 6970, 6970.06, 6960, 6948.5, 6971.89, 6957.44, 6975.97, 6963.89, 6971, 6974.43, 6955.01, 6969.55, 6956.94, 6956.94, 6941.03, 6943.01, 6945.87, 6964.43, 6960, 6951.13, 6958, 6958, 6960.3, 6981, 7020, 7002.29, 7010, 7034.44, 7029.97, 7028.97, 7010.47, 7014, 7006.55, 7021.97, 7023.87, 7024, 7010, 7007.21, 7020, 7033.93, 7050, 7053.66
2017-03-23 20:39:23,511 - logger.py:37 - tst_new - decision: p1:6931.000000, p2:7053.660000, mu:-82.283200, sigma:20.327734, z_score:-1.986291, margin1:1.505200, margin2:121.200120
2017-03-23 20:39:23,512 - logger.py:37 - tst_new - =================BUY1
2017-03-23 20:39:23,512 - logger.py:44 - tst_new - [P2.!!!] Too few btc. Actual: 0, Need: 0.01
2017-03-23 20:39:23,512 - logger.py:33 - tst_new - no buy or sell this time
2017-03-23 21:06:39,317 - logger.py:33 - tst_new - ok account: cny_fr: 432.835, btc_fr: 0.00998, cny_fz: 0.0, btc_fz: 0.0, rate: 0.003, state: even, BuyPrice: 8000, 
2017-03-23 21:06:39,319 - logger.py:33 - tst_new - huobi account: cny_fr: 434.1, btc_fr: 0.0028, cny_fz: 0.0, btc_fz: 0.0, rate: 0.003, state: even, BuyPrice: 8000, 
2017-03-23 21:06:39,320 - logger.py:33 - tst_new - ok data: , 6872.0, 6871.0, 6900.0, 6900.0, 6900.0, 6900.0, 6910.0, 6910.0, 6910.0, 6918.0, 6890.0, 6871.0, 6870.0, 6866.1, 6877.9, 6877.9, 6866.0, 6866.0, 6862.15, 6862.66, 6874.98, 6860.0, 6875.0, 6880.0, 6904.0, 6924.0, 6924.4, 6928.99, 6960.0, 6987.0, 6970.0, 6960.0, 6930.0, 6939.0, 6921.0, 6931.0, 6931.0, 6921.0, 6931.0, 6931.0, 6941.0, 6960.0, 6950.0, 6946.0, 6960.0, 6970.0, 6951.92, 6952.0, 6969.92, 6951.0
2017-03-23 21:06:39,320 - logger.py:33 - tst_new - huobi data: , 6981, 6981, 6970, 6970.06, 6960, 6948.5, 6971.89, 6957.44, 6975.97, 6963.89, 6971, 6974.43, 6955.01, 6969.55, 6956.94, 6956.94, 6941.03, 6943.01, 6945.87, 6964.43, 6960, 6951.13, 6958, 6958, 6960.3, 6981, 7020, 7002.29, 7010, 7034.44, 7029.97, 7028.97, 7010.47, 7014, 7006.55, 7021.97, 7023.87, 7024, 7010, 7007.21, 7020, 7033.93, 7050, 7050.11, 7056, 7050.03, 7050.03, 7050, 7052.86, 7051
2017-03-23 21:06:39,344 - logger.py:37 - tst_new - decision: p1:6951.000000, p2:7051.000000, mu:-79.963400, sigma:17.305964, z_score:-1.157786, margin1:10.101900, margin2:110.301900
2017-03-23 21:06:39,344 - logger.py:37 - tst_new - =================BUY1
2017-03-23 21:06:39,345 - logger.py:44 - tst_new - [P2.!!!] Too few btc. Actual: 0, Need: 0.01
2017-03-23 21:06:39,345 - logger.py:33 - tst_new - no buy or sell this time
2017-03-23 21:07:01,582 - logger.py:33 - tst_new - ok account: cny_fr: 432.835, btc_fr: 0.00998, cny_fz: 0.0, btc_fz: 0.0, rate: 0.003, state: even, BuyPrice: 8000, 
2017-03-23 21:07:01,582 - logger.py:33 - tst_new - huobi account: cny_fr: 434.1, btc_fr: 0.0028, cny_fz: 0.0, btc_fz: 0.0, rate: 0.003, state: even, BuyPrice: 8000, 
2017-03-23 21:07:01,582 - logger.py:33 - tst_new - ok data: , 6872.0, 6871.0, 6900.0, 6900.0, 6900.0, 6900.0, 6910.0, 6910.0, 6910.0, 6918.0, 6890.0, 6871.0, 6870.0, 6866.1, 6877.9, 6877.9, 6866.0, 6866.0, 6862.15, 6862.66, 6874.98, 6860.0, 6875.0, 6880.0, 6904.0, 6924.0, 6924.4, 6928.99, 6960.0, 6987.0, 6970.0, 6960.0, 6930.0, 6939.0, 6921.0, 6931.0, 6931.0, 6921.0, 6931.0, 6931.0, 6941.0, 6960.0, 6950.0, 6946.0, 6960.0, 6970.0, 6951.92, 6952.0, 6969.92, 6951.0
2017-03-23 21:07:01,582 - logger.py:33 - tst_new - huobi data: , 6981, 6981, 6970, 6970.06, 6960, 6948.5, 6971.89, 6957.44, 6975.97, 6963.89, 6971, 6974.43, 6955.01, 6969.55, 6956.94, 6956.94, 6941.03, 6943.01, 6945.87, 6964.43, 6960, 6951.13, 6958, 6958, 6960.3, 6981, 7020, 7002.29, 7010, 7034.44, 7029.97, 7028.97, 7010.47, 7014, 7006.55, 7021.97, 7023.87, 7024, 7010, 7007.21, 7020, 7033.93, 7050, 7050.11, 7056, 7050.03, 7050.03, 7050, 7052.86, 7051
2017-03-23 21:07:01,582 - logger.py:37 - tst_new - decision: p1:6951.000000, p2:7051.000000, mu:-79.963400, sigma:17.305964, z_score:-1.157786, margin1:10.101900, margin2:110.301900
2017-03-23 21:07:01,582 - logger.py:37 - tst_new - =================BUY1
2017-03-23 21:07:01,582 - logger.py:44 - tst_new - [P2.!!!] Too few btc. Actual: 0, Need: 0.01
2017-03-23 21:07:01,582 - logger.py:33 - tst_new - no buy or sell this time
2017-03-23 21:07:21,554 - logger.py:33 - tst_new - ok account: cny_fr: 432.835, btc_fr: 0.00998, cny_fz: 0.0, btc_fz: 0.0, rate: 0.003, state: even, BuyPrice: 8000, 
2017-03-23 21:07:21,554 - logger.py:33 - tst_new - huobi account: cny_fr: 434.1, btc_fr: 0.0028, cny_fz: 0.0, btc_fz: 0.0, rate: 0.003, state: even, BuyPrice: 8000, 
2017-03-23 21:07:21,554 - logger.py:33 - tst_new - ok data: , 6872.0, 6871.0, 6900.0, 6900.0, 6900.0, 6900.0, 6910.0, 6910.0, 6910.0, 6918.0, 6890.0, 6871.0, 6870.0, 6866.1, 6877.9, 6877.9, 6866.0, 6866.0, 6862.15, 6862.66, 6874.98, 6860.0, 6875.0, 6880.0, 6904.0, 6924.0, 6924.4, 6928.99, 6960.0, 6987.0, 6970.0, 6960.0, 6930.0, 6939.0, 6921.0, 6931.0, 6931.0, 6921.0, 6931.0, 6931.0, 6941.0, 6960.0, 6950.0, 6946.0, 6960.0, 6970.0, 6951.92, 6952.0, 6969.92, 6951.0
2017-03-23 21:07:21,554 - logger.py:33 - tst_new - huobi data: , 6981, 6981, 6970, 6970.06, 6960, 6948.5, 6971.89, 6957.44, 6975.97, 6963.89, 6971, 6974.43, 6955.01, 6969.55, 6956.94, 6956.94, 6941.03, 6943.01, 6945.87, 6964.43, 6960, 6951.13, 6958, 6958, 6960.3, 6981, 7020, 7002.29, 7010, 7034.44, 7029.97, 7028.97, 7010.47, 7014, 7006.55, 7021.97, 7023.87, 7024, 7010, 7007.21, 7020, 7033.93, 7050, 7050.11, 7056, 7050.03, 7050.03, 7050, 7052.86, 7051
2017-03-23 21:07:21,569 - logger.py:37 - tst_new - decision: p1:6951.000000, p2:7051.000000, mu:-79.963400, sigma:17.305964, z_score:-1.157786, margin1:10.101900, margin2:110.301900
2017-03-23 21:07:21,569 - logger.py:37 - tst_new - =================BUY1
2017-03-23 21:07:21,569 - logger.py:44 - tst_new - [P2.!!!] Too few btc. Actual: 0, Need: 0.01
2017-03-23 21:07:21,569 - logger.py:33 - tst_new - no buy or sell this time
2017-03-23 21:07:37,960 - logger.py:33 - tst_new - ok account: cny_fr: 432.835, btc_fr: 0.00998, cny_fz: 0.0, btc_fz: 0.0, rate: 0.003, state: even, BuyPrice: 8000, 
2017-03-23 21:07:37,960 - logger.py:33 - tst_new - huobi account: cny_fr: 434.1, btc_fr: 0.0028, cny_fz: 0.0, btc_fz: 0.0, rate: 0.003, state: even, BuyPrice: 8000, 
2017-03-23 21:07:37,960 - logger.py:33 - tst_new - ok data: , 6872.0, 6871.0, 6900.0, 6900.0, 6900.0, 6900.0, 6910.0, 6910.0, 6910.0, 6918.0, 6890.0, 6871.0, 6870.0, 6866.1, 6877.9, 6877.9, 6866.0, 6866.0, 6862.15, 6862.66, 6874.98, 6860.0, 6875.0, 6880.0, 6904.0, 6924.0, 6924.4, 6928.99, 6960.0, 6987.0, 6970.0, 6960.0, 6930.0, 6939.0, 6921.0, 6931.0, 6931.0, 6921.0, 6931.0, 6931.0, 6941.0, 6960.0, 6950.0, 6946.0, 6960.0, 6970.0, 6951.92, 6952.0, 6969.92, 6951.0
2017-03-23 21:07:37,960 - logger.py:33 - tst_new - huobi data: , 6981, 6981, 6970, 6970.06, 6960, 6948.5, 6971.89, 6957.44, 6975.97, 6963.89, 6971, 6974.43, 6955.01, 6969.55, 6956.94, 6956.94, 6941.03, 6943.01, 6945.87, 6964.43, 6960, 6951.13, 6958, 6958, 6960.3, 6981, 7020, 7002.29, 7010, 7034.44, 7029.97, 7028.97, 7010.47, 7014, 7006.55, 7021.97, 7023.87, 7024, 7010, 7007.21, 7020, 7033.93, 7050, 7050.11, 7056, 7050.03, 7050.03, 7050, 7052.86, 7051
2017-03-23 21:07:37,960 - logger.py:37 - tst_new - decision: p1:6951.000000, p2:7051.000000, mu:-79.963400, sigma:17.305964, z_score:-1.157786, margin1:10.101900, margin2:110.301900
2017-03-23 21:07:37,960 - logger.py:37 - tst_new - =================BUY1
2017-03-23 21:07:37,960 - logger.py:44 - tst_new - [P2.!!!] Too few btc. Actual: 0, Need: 0.01
2017-03-23 21:07:37,960 - logger.py:33 - tst_new - no buy or sell this time
2017-03-23 21:07:54,162 - logger.py:33 - tst_new - ok account: cny_fr: 432.835, btc_fr: 0.00998, cny_fz: 0.0, btc_fz: 0.0, rate: 0.003, state: even, BuyPrice: 8000, 
2017-03-23 21:07:54,162 - logger.py:33 - tst_new - huobi account: cny_fr: 434.1, btc_fr: 0.0028, cny_fz: 0.0, btc_fz: 0.0, rate: 0.003, state: even, BuyPrice: 8000, 
2017-03-23 21:07:54,162 - logger.py:33 - tst_new - ok data: , 6872.0, 6871.0, 6900.0, 6900.0, 6900.0, 6900.0, 6910.0, 6910.0, 6910.0, 6918.0, 6890.0, 6871.0, 6870.0, 6866.1, 6877.9, 6877.9, 6866.0, 6866.0, 6862.15, 6862.66, 6874.98, 6860.0, 6875.0, 6880.0, 6904.0, 6924.0, 6924.4, 6928.99, 6960.0, 6987.0, 6970.0, 6960.0, 6930.0, 6939.0, 6921.0, 6931.0, 6931.0, 6921.0, 6931.0, 6931.0, 6941.0, 6960.0, 6950.0, 6946.0, 6960.0, 6970.0, 6951.92, 6952.0, 6969.92, 6951.0
2017-03-23 21:07:54,162 - logger.py:33 - tst_new - huobi data: , 6981, 6981, 6970, 6970.06, 6960, 6948.5, 6971.89, 6957.44, 6975.97, 6963.89, 6971, 6974.43, 6955.01, 6969.55, 6956.94, 6956.94, 6941.03, 6943.01, 6945.87, 6964.43, 6960, 6951.13, 6958, 6958, 6960.3, 6981, 7020, 7002.29, 7010, 7034.44, 7029.97, 7028.97, 7010.47, 7014, 7006.55, 7021.97, 7023.87, 7024, 7010, 7007.21, 7020, 7033.93, 7050, 7050.11, 7056, 7050.03, 7050.03, 7050, 7052.86, 7051
2017-03-23 21:07:54,162 - logger.py:37 - tst_new - decision: p1:6951.000000, p2:7051.000000, mu:-79.963400, sigma:17.305964, z_score:-1.157786, margin1:10.101900, margin2:110.301900
2017-03-23 21:07:54,162 - logger.py:37 - tst_new - =================BUY1
2017-03-23 21:07:54,162 - logger.py:44 - tst_new - [P2.!!!] Too few btc. Actual: 0, Need: 0.01
2017-03-23 21:07:54,162 - logger.py:33 - tst_new - no buy or sell this time
2017-03-23 21:08:13,341 - logger.py:33 - tst_new - ok account: cny_fr: 432.835, btc_fr: 0.00998, cny_fz: 0.0, btc_fz: 0.0, rate: 0.003, state: even, BuyPrice: 8000, 
2017-03-23 21:08:13,341 - logger.py:33 - tst_new - huobi account: cny_fr: 434.1, btc_fr: 0.0028, cny_fz: 0.0, btc_fz: 0.0, rate: 0.003, state: even, BuyPrice: 8000, 
2017-03-23 21:08:13,341 - logger.py:33 - tst_new - ok data: , 6872.0, 6871.0, 6900.0, 6900.0, 6900.0, 6900.0, 6910.0, 6910.0, 6910.0, 6918.0, 6890.0, 6871.0, 6870.0, 6866.1, 6877.9, 6877.9, 6866.0, 6866.0, 6862.15, 6862.66, 6874.98, 6860.0, 6875.0, 6880.0, 6904.0, 6924.0, 6924.4, 6928.99, 6960.0, 6987.0, 6970.0, 6960.0, 6930.0, 6939.0, 6921.0, 6931.0, 6931.0, 6921.0, 6931.0, 6931.0, 6941.0, 6960.0, 6950.0, 6946.0, 6960.0, 6970.0, 6951.92, 6952.0, 6969.92, 6951.0
2017-03-23 21:08:13,341 - logger.py:33 - tst_new - huobi data: , 6981, 6981, 6970, 6970.06, 6960, 6948.5, 6971.89, 6957.44, 6975.97, 6963.89, 6971, 6974.43, 6955.01, 6969.55, 6956.94, 6956.94, 6941.03, 6943.01, 6945.87, 6964.43, 6960, 6951.13, 6958, 6958, 6960.3, 6981, 7020, 7002.29, 7010, 7034.44, 7029.97, 7028.97, 7010.47, 7014, 7006.55, 7021.97, 7023.87, 7024, 7010, 7007.21, 7020, 7033.93, 7050, 7050.11, 7056, 7050.03, 7050.03, 7050, 7052.86, 7051
2017-03-23 21:08:13,341 - logger.py:37 - tst_new - decision: p1:6951.000000, p2:7051.000000, mu:-79.963400, sigma:17.305964, z_score:-1.157786, margin1:10.101900, margin2:110.301900
2017-03-23 21:08:13,341 - logger.py:37 - tst_new - =================BUY1
2017-03-23 21:08:13,341 - logger.py:44 - tst_new - [P2.!!!] Too few btc. Actual: 0, Need: 0.01
2017-03-23 21:08:13,341 - logger.py:33 - tst_new - no buy or sell this time
2017-03-23 21:08:37,377 - logger.py:33 - tst_new - ok account: cny_fr: 432.835, btc_fr: 0.00998, cny_fz: 0.0, btc_fz: 0.0, rate: 0.003, state: even, BuyPrice: 8000, 
2017-03-23 21:08:37,377 - logger.py:33 - tst_new - huobi account: cny_fr: 434.1, btc_fr: 0.0028, cny_fz: 0.0, btc_fz: 0.0, rate: 0.003, state: even, BuyPrice: 8000, 
2017-03-23 21:08:37,377 - logger.py:33 - tst_new - ok data: , 6872.0, 6871.0, 6900.0, 6900.0, 6900.0, 6900.0, 6910.0, 6910.0, 6910.0, 6918.0, 6890.0, 6871.0, 6870.0, 6866.1, 6877.9, 6877.9, 6866.0, 6866.0, 6862.15, 6862.66, 6874.98, 6860.0, 6875.0, 6880.0, 6904.0, 6924.0, 6924.4, 6928.99, 6960.0, 6987.0, 6970.0, 6960.0, 6930.0, 6939.0, 6921.0, 6931.0, 6931.0, 6921.0, 6931.0, 6931.0, 6941.0, 6960.0, 6950.0, 6946.0, 6960.0, 6970.0, 6951.92, 6952.0, 6969.92, 6951.0
2017-03-23 21:08:37,377 - logger.py:33 - tst_new - huobi data: , 6981, 6981, 6970, 6970.06, 6960, 6948.5, 6971.89, 6957.44, 6975.97, 6963.89, 6971, 6974.43, 6955.01, 6969.55, 6956.94, 6956.94, 6941.03, 6943.01, 6945.87, 6964.43, 6960, 6951.13, 6958, 6958, 6960.3, 6981, 7020, 7002.29, 7010, 7034.44, 7029.97, 7028.97, 7010.47, 7014, 7006.55, 7021.97, 7023.87, 7024, 7010, 7007.21, 7020, 7033.93, 7050, 7050.11, 7056, 7050.03, 7050.03, 7050, 7052.86, 7051
2017-03-23 21:08:37,393 - logger.py:37 - tst_new - decision: p1:6951.000000, p2:7051.000000, mu:-79.963400, sigma:17.305964, z_score:-1.157786, margin1:10.101900, margin2:110.301900
2017-03-23 21:08:37,393 - logger.py:37 - tst_new - =================BUY1
2017-03-23 21:08:37,393 - logger.py:44 - tst_new - [P2.!!!] Too few btc. Actual: 0, Need: 0.01
2017-03-23 21:08:37,393 - logger.py:33 - tst_new - no buy or sell this time
