2017-03-22 21:42:37,468 - logger.py:33 - tst_new - ok account: cny_fr: 432.835, btc_fr: 0.00998, cny_fz: 0.0, btc_fz: 0.0, rate: 0.003, state: even, BuyPrice: 8000, 
2017-03-22 21:42:37,469 - logger.py:33 - tst_new - huobi account: cny_fr: 434.1, btc_fr: 0.0028, cny_fz: 0.0, btc_fz: 0.0, rate: 0.003, state: even, BuyPrice: 8000, 
2017-03-22 21:42:37,469 - logger.py:33 - tst_new - ok data: , 7080.0, 7105.0, 7100.0, 7119.0, 7099.09, 7050.02, 7064.0, 7049.91, 7049.0, 7080.0, 7088.0, 7090.73, 7102.0, 7070.21, 7069.0, 7100.0, 7127.0, 7100.11, 7150.0, 7120.0, 7130.0, 7140.0, 7166.0, 7150.0, 7143.0, 7160.0, 7146.0, 7120.0, 7123.0, 7130.0, 7118.0, 7118.01, 7097.06, 7091.3, 7070.0, 7118.95, 7100.0, 7090.0, 7088.89, 7059.0, 7060.0, 7088.18, 7040.1, 7090.0, 7071.01, 7099.0, 7076.03, 7049.0, 7037.1, 7049.99
2017-03-22 21:42:37,470 - logger.py:33 - tst_new - huobi data: , 7080.93, 7099, 7129.88, 7142.23, 7139, 7103, 7099.97, 7090, 7070, 7092.79, 7090, 7108, 7121, 7123, 7129, 7138, 7158.44, 7160.07, 7161.04, 7169, 7161, 7171.97, 7174.94, 7160.04, 7177.83, 7174.6, 7174.97, 7167.68, 7165, 7150, 7132, 7138.57, 7099.97, 7082, 7095.47, 7120, 7100, 7082.03, 7118.55, 7067, 7084.86, 7084.89, 7086, 7090, 7092.97, 7090, 7090, 7069.85, 7044.97, 7031
2017-03-22 21:42:37,556 - logger.py:37 - tst_new - decision: p1:7049.990000, p2:7031.000000, mu:-20.996400, sigma:19.246606, z_score:2.077582, margin1:42.962020, margin2:61.990000
2017-03-22 21:42:37,557 - logger.py:37 - tst_new - =================BUY2
2017-03-22 21:42:37,557 - logger.py:44 - tst_new - [P2.!!!] Too few btc. Actual: 0, Need: 0.01
2017-03-22 21:42:37,557 - logger.py:33 - tst_new - no buy or sell this time
2017-03-22 21:43:03,113 - logger.py:33 - tst_new - ok account: cny_fr: 432.835, btc_fr: 0.00998, cny_fz: 0.0, btc_fz: 0.0, rate: 0.003, state: even, BuyPrice: 8000, 
2017-03-22 21:43:03,114 - logger.py:33 - tst_new - huobi account: cny_fr: 434.1, btc_fr: 0.0028, cny_fz: 0.0, btc_fz: 0.0, rate: 0.003, state: even, BuyPrice: 8000, 
2017-03-22 21:43:03,114 - logger.py:33 - tst_new - ok data: , 7080.0, 7105.0, 7100.0, 7119.0, 7099.09, 7050.02, 7064.0, 7049.91, 7049.0, 7080.0, 7088.0, 7090.73, 7102.0, 7070.21, 7069.0, 7100.0, 7127.0, 7100.11, 7150.0, 7120.0, 7130.0, 7140.0, 7166.0, 7150.0, 7143.0, 7160.0, 7146.0, 7120.0, 7123.0, 7130.0, 7118.0, 7118.01, 7097.06, 7091.3, 7070.0, 7118.95, 7100.0, 7090.0, 7088.89, 7059.0, 7060.0, 7088.18, 7040.1, 7090.0, 7071.01, 7099.0, 7076.03, 7049.0, 7037.1, 7049.99
2017-03-22 21:43:03,115 - logger.py:33 - tst_new - huobi data: , 7080.93, 7099, 7129.88, 7142.23, 7139, 7103, 7099.97, 7090, 7070, 7092.79, 7090, 7108, 7121, 7123, 7129, 7138, 7158.44, 7160.07, 7161.04, 7169, 7161, 7171.97, 7174.94, 7160.04, 7177.83, 7174.6, 7174.97, 7167.68, 7165, 7150, 7132, 7138.57, 7099.97, 7082, 7095.47, 7120, 7100, 7082.03, 7118.55, 7067, 7084.86, 7084.89, 7086, 7090, 7092.97, 7090, 7090, 7069.85, 7044.97, 7020
2017-03-22 21:43:03,118 - logger.py:37 - tst_new - decision: p1:7049.990000, p2:7020.000000, mu:-20.776400, sigma:19.758478, z_score:2.569348, margin1:42.852020, margin2:72.902000
2017-03-22 21:43:03,119 - logger.py:37 - tst_new - =================BUY2
2017-03-22 21:43:03,119 - logger.py:44 - tst_new - [P2.!!!] Too few btc. Actual: 0, Need: 0.01
2017-03-22 21:43:03,119 - logger.py:33 - tst_new - no buy or sell this time
2017-03-22 21:43:23,257 - logger.py:33 - tst_new - ok account: cny_fr: 432.835, btc_fr: 0.00998, cny_fz: 0.0, btc_fz: 0.0, rate: 0.003, state: even, BuyPrice: 8000, 
2017-03-22 21:43:23,257 - logger.py:33 - tst_new - huobi account: cny_fr: 434.1, btc_fr: 0.0028, cny_fz: 0.0, btc_fz: 0.0, rate: 0.003, state: even, BuyPrice: 8000, 
2017-03-22 21:43:23,258 - logger.py:33 - tst_new - ok data: , 7080.0, 7105.0, 7100.0, 7119.0, 7099.09, 7050.02, 7064.0, 7049.91, 7049.0, 7080.0, 7088.0, 7090.73, 7102.0, 7070.21, 7069.0, 7100.0, 7127.0, 7100.11, 7150.0, 7120.0, 7130.0, 7140.0, 7166.0, 7150.0, 7143.0, 7160.0, 7146.0, 7120.0, 7123.0, 7130.0, 7118.0, 7118.01, 7097.06, 7091.3, 7070.0, 7118.95, 7100.0, 7090.0, 7088.89, 7059.0, 7060.0, 7088.18, 7040.1, 7090.0, 7071.01, 7099.0, 7076.03, 7049.0, 7037.1, 7036.1
2017-03-22 21:43:23,258 - logger.py:33 - tst_new - huobi data: , 7080.93, 7099, 7129.88, 7142.23, 7139, 7103, 7099.97, 7090, 7070, 7092.79, 7090, 7108, 7121, 7123, 7129, 7138, 7158.44, 7160.07, 7161.04, 7169, 7161, 7171.97, 7174.94, 7160.04, 7177.83, 7174.6, 7174.97, 7167.68, 7165, 7150, 7132, 7138.57, 7099.97, 7082, 7095.47, 7120, 7100, 7082.03, 7118.55, 7067, 7084.86, 7084.89, 7086, 7090, 7092.97, 7090, 7090, 7069.85, 7044.97, 7018
2017-03-22 21:43:23,261 - logger.py:37 - tst_new - decision: p1:7036.100000, p2:7018.000000, mu:-21.014200, sigma:19.209994, z_score:2.036138, margin1:56.610900, margin2:74.747100
2017-03-22 21:43:23,261 - logger.py:37 - tst_new - =================BUY2
2017-03-22 21:43:23,261 - logger.py:44 - tst_new - [P2.!!!] Too few btc. Actual: 0, Need: 0.01
2017-03-22 21:43:23,262 - logger.py:33 - tst_new - no buy or sell this time
2017-03-22 21:43:43,271 - logger.py:33 - tst_new - ok account: cny_fr: 432.835, btc_fr: 0.00998, cny_fz: 0.0, btc_fz: 0.0, rate: 0.003, state: even, BuyPrice: 8000, 
2017-03-22 21:43:43,272 - logger.py:33 - tst_new - huobi account: cny_fr: 434.1, btc_fr: 0.0028, cny_fz: 0.0, btc_fz: 0.0, rate: 0.003, state: even, BuyPrice: 8000, 
2017-03-22 21:43:43,272 - logger.py:33 - tst_new - ok data: , 7080.0, 7105.0, 7100.0, 7119.0, 7099.09, 7050.02, 7064.0, 7049.91, 7049.0, 7080.0, 7088.0, 7090.73, 7102.0, 7070.21, 7069.0, 7100.0, 7127.0, 7100.11, 7150.0, 7120.0, 7130.0, 7140.0, 7166.0, 7150.0, 7143.0, 7160.0, 7146.0, 7120.0, 7123.0, 7130.0, 7118.0, 7118.01, 7097.06, 7091.3, 7070.0, 7118.95, 7100.0, 7090.0, 7088.89, 7059.0, 7060.0, 7088.18, 7040.1, 7090.0, 7071.01, 7099.0, 7076.03, 7049.0, 7037.1, 7036.1
2017-03-22 21:43:43,273 - logger.py:33 - tst_new - huobi data: , 7080.93, 7099, 7129.88, 7142.23, 7139, 7103, 7099.97, 7090, 7070, 7092.79, 7090, 7108, 7121, 7123, 7129, 7138, 7158.44, 7160.07, 7161.04, 7169, 7161, 7171.97, 7174.94, 7160.04, 7177.83, 7174.6, 7174.97, 7167.68, 7165, 7150, 7132, 7138.57, 7099.97, 7082, 7095.47, 7120, 7100, 7082.03, 7118.55, 7067, 7084.86, 7084.89, 7086, 7090, 7092.97, 7090, 7090, 7069.85, 7044.97, 7010.03
2017-03-22 21:43:43,275 - logger.py:37 - tst_new - decision: p1:7036.100000, p2:7010.030000, mu:-20.854800, sigma:19.563703, z_score:2.398564, margin1:56.531200, margin2:82.653340
2017-03-22 21:43:43,276 - logger.py:37 - tst_new - =================BUY2
2017-03-22 21:43:43,276 - logger.py:44 - tst_new - [P2.!!!] Too few btc. Actual: 0, Need: 0.01
2017-03-22 21:43:43,276 - logger.py:33 - tst_new - no buy or sell this time
2017-03-22 21:44:02,096 - logger.py:33 - tst_new - ok account: cny_fr: 432.835, btc_fr: 0.00998, cny_fz: 0.0, btc_fz: 0.0, rate: 0.003, state: even, BuyPrice: 8000, 
2017-03-22 21:44:02,096 - logger.py:33 - tst_new - huobi account: cny_fr: 434.1, btc_fr: 0.0028, cny_fz: 0.0, btc_fz: 0.0, rate: 0.003, state: even, BuyPrice: 8000, 
2017-03-22 21:44:02,097 - logger.py:33 - tst_new - ok data: , 7080.0, 7105.0, 7100.0, 7119.0, 7099.09, 7050.02, 7064.0, 7049.91, 7049.0, 7080.0, 7088.0, 7090.73, 7102.0, 7070.21, 7069.0, 7100.0, 7127.0, 7100.11, 7150.0, 7120.0, 7130.0, 7140.0, 7166.0, 7150.0, 7143.0, 7160.0, 7146.0, 7120.0, 7123.0, 7130.0, 7118.0, 7118.01, 7097.06, 7091.3, 7070.0, 7118.95, 7100.0, 7090.0, 7088.89, 7059.0, 7060.0, 7088.18, 7040.1, 7090.0, 7071.01, 7099.0, 7076.03, 7049.0, 7037.1, 7036.1
2017-03-22 21:44:02,097 - logger.py:33 - tst_new - huobi data: , 7080.93, 7099, 7129.88, 7142.23, 7139, 7103, 7099.97, 7090, 7070, 7092.79, 7090, 7108, 7121, 7123, 7129, 7138, 7158.44, 7160.07, 7161.04, 7169, 7161, 7171.97, 7174.94, 7160.04, 7177.83, 7174.6, 7174.97, 7167.68, 7165, 7150, 7132, 7138.57, 7099.97, 7082, 7095.47, 7120, 7100, 7082.03, 7118.55, 7067, 7084.86, 7084.89, 7086, 7090, 7092.97, 7090, 7090, 7069.85, 7044.97, 7008.03
2017-03-22 21:44:02,099 - logger.py:37 - tst_new - decision: p1:7036.100000, p2:7008.030000, mu:-20.814800, sigma:19.661405, z_score:2.486333, margin1:56.511200, margin2:84.637340
2017-03-22 21:44:02,100 - logger.py:37 - tst_new - =================BUY2
2017-03-22 21:44:02,100 - logger.py:44 - tst_new - [P2.!!!] Too few btc. Actual: 0, Need: 0.01
2017-03-22 21:44:02,100 - logger.py:33 - tst_new - no buy or sell this time
2017-03-22 21:48:52,029 - logger.py:33 - tst_new - ok account: cny_fr: 432.835, btc_fr: 0.00998, cny_fz: 0.0, btc_fz: 0.0, rate: 0.003, state: even, BuyPrice: 8000, 
2017-03-22 21:48:52,029 - logger.py:33 - tst_new - huobi account: cny_fr: 434.1, btc_fr: 0.0028, cny_fz: 0.0, btc_fz: 0.0, rate: 0.003, state: even, BuyPrice: 8000, 
2017-03-22 21:48:52,030 - logger.py:33 - tst_new - ok data: , 7105.0, 7100.0, 7119.0, 7099.09, 7050.02, 7064.0, 7049.91, 7049.0, 7080.0, 7088.0, 7090.73, 7102.0, 7070.21, 7069.0, 7100.0, 7127.0, 7100.11, 7150.0, 7120.0, 7130.0, 7140.0, 7166.0, 7150.0, 7143.0, 7160.0, 7146.0, 7120.0, 7123.0, 7130.0, 7118.0, 7118.01, 7097.06, 7091.3, 7070.0, 7118.95, 7100.0, 7090.0, 7088.89, 7059.0, 7060.0, 7088.18, 7040.1, 7090.0, 7071.01, 7099.0, 7076.03, 7049.0, 7037.1, 7034.14, 6928.0
2017-03-22 21:48:52,030 - logger.py:33 - tst_new - huobi data: , 7099, 7129.88, 7142.23, 7139, 7103, 7099.97, 7090, 7070, 7092.79, 7090, 7108, 7121, 7123, 7129, 7138, 7158.44, 7160.07, 7161.04, 7169, 7161, 7171.97, 7174.94, 7160.04, 7177.83, 7174.6, 7174.97, 7167.68, 7165, 7150, 7132, 7138.57, 7099.97, 7082, 7095.47, 7120, 7100, 7082.03, 7118.55, 7067, 7084.86, 7084.89, 7086, 7090, 7092.97, 7090, 7090, 7069.85, 7044.97, 7019.97, 6900.1
2017-03-22 21:48:52,033 - logger.py:37 - tst_new - decision: p1:6928.000000, p2:6900.100000, mu:-20.516200, sigma:20.067897, z_score:2.412620, margin1:161.598900, margin2:189.554700
2017-03-22 21:48:52,033 - logger.py:37 - tst_new - =================BUY2
2017-03-22 21:48:52,033 - logger.py:44 - tst_new - [P2.!!!] Too few btc. Actual: 0, Need: 0.01
2017-03-22 21:48:52,034 - logger.py:33 - tst_new - no buy or sell this time
2017-03-22 21:49:12,852 - logger.py:33 - tst_new - ok account: cny_fr: 432.835, btc_fr: 0.00998, cny_fz: 0.0, btc_fz: 0.0, rate: 0.003, state: even, BuyPrice: 8000, 
2017-03-22 21:49:12,852 - logger.py:33 - tst_new - huobi account: cny_fr: 434.1, btc_fr: 0.0028, cny_fz: 0.0, btc_fz: 0.0, rate: 0.003, state: even, BuyPrice: 8000, 
2017-03-22 21:49:12,853 - logger.py:33 - tst_new - ok data: , 7105.0, 7100.0, 7119.0, 7099.09, 7050.02, 7064.0, 7049.91, 7049.0, 7080.0, 7088.0, 7090.73, 7102.0, 7070.21, 7069.0, 7100.0, 7127.0, 7100.11, 7150.0, 7120.0, 7130.0, 7140.0, 7166.0, 7150.0, 7143.0, 7160.0, 7146.0, 7120.0, 7123.0, 7130.0, 7118.0, 7118.01, 7097.06, 7091.3, 7070.0, 7118.95, 7100.0, 7090.0, 7088.89, 7059.0, 7060.0, 7088.18, 7040.1, 7090.0, 7071.01, 7099.0, 7076.03, 7049.0, 7037.1, 7034.14, 6900.0
2017-03-22 21:49:12,853 - logger.py:33 - tst_new - huobi data: , 7099, 7129.88, 7142.23, 7139, 7103, 7099.97, 7090, 7070, 7092.79, 7090, 7108, 7121, 7123, 7129, 7138, 7158.44, 7160.07, 7161.04, 7169, 7161, 7171.97, 7174.94, 7160.04, 7177.83, 7174.6, 7174.97, 7167.68, 7165, 7150, 7132, 7138.57, 7099.97, 7082, 7095.47, 7120, 7100, 7082.03, 7118.55, 7067, 7084.86, 7084.89, 7086, 7090, 7092.97, 7090, 7090, 7069.85, 7044.97, 7019.97, 6930
2017-03-22 21:49:12,854 - logger.py:37 - tst_new - decision: p1:6900.000000, p2:6930.000000, mu:-21.674200, sigma:18.875799, z_score:-0.441083, margin1:189.673900, margin2:159.613900
2017-03-22 21:49:12,854 - logger.py:33 - tst_new - no buy or sell this time
2017-03-22 21:49:31,644 - logger.py:33 - tst_new - ok account: cny_fr: 432.835, btc_fr: 0.00998, cny_fz: 0.0, btc_fz: 0.0, rate: 0.003, state: even, BuyPrice: 8000, 
2017-03-22 21:49:31,644 - logger.py:33 - tst_new - huobi account: cny_fr: 434.1, btc_fr: 0.0028, cny_fz: 0.0, btc_fz: 0.0, rate: 0.003, state: even, BuyPrice: 8000, 
2017-03-22 21:49:31,644 - logger.py:33 - tst_new - ok data: , 7105.0, 7100.0, 7119.0, 7099.09, 7050.02, 7064.0, 7049.91, 7049.0, 7080.0, 7088.0, 7090.73, 7102.0, 7070.21, 7069.0, 7100.0, 7127.0, 7100.11, 7150.0, 7120.0, 7130.0, 7140.0, 7166.0, 7150.0, 7143.0, 7160.0, 7146.0, 7120.0, 7123.0, 7130.0, 7118.0, 7118.01, 7097.06, 7091.3, 7070.0, 7118.95, 7100.0, 7090.0, 7088.89, 7059.0, 7060.0, 7088.18, 7040.1, 7090.0, 7071.01, 7099.0, 7076.03, 7049.0, 7037.1, 7034.14, 6880.0
2017-03-22 21:49:31,644 - logger.py:33 - tst_new - huobi data: , 7099, 7129.88, 7142.23, 7139, 7103, 7099.97, 7090, 7070, 7092.79, 7090, 7108, 7121, 7123, 7129, 7138, 7158.44, 7160.07, 7161.04, 7169, 7161, 7171.97, 7174.94, 7160.04, 7177.83, 7174.6, 7174.97, 7167.68, 7165, 7150, 7132, 7138.57, 7099.97, 7082, 7095.47, 7120, 7100, 7082.03, 7118.55, 7067, 7084.86, 7084.89, 7086, 7090, 7092.97, 7090, 7090, 7069.85, 7044.97, 7019.97, 6900
2017-03-22 21:49:31,644 - logger.py:37 - tst_new - decision: p1:6880.000000, p2:6900.000000, mu:-21.474200, sigma:18.839466, z_score:0.078251, margin1:209.213900, margin2:189.173900
2017-03-22 21:49:31,644 - logger.py:33 - tst_new - no buy or sell this time
2017-03-22 21:49:52,249 - logger.py:33 - tst_new - ok account: cny_fr: 432.835, btc_fr: 0.00998, cny_fz: 0.0, btc_fz: 0.0, rate: 0.003, state: even, BuyPrice: 8000, 
2017-03-22 21:49:52,250 - logger.py:33 - tst_new - huobi account: cny_fr: 434.1, btc_fr: 0.0028, cny_fz: 0.0, btc_fz: 0.0, rate: 0.003, state: even, BuyPrice: 8000, 
2017-03-22 21:49:52,250 - logger.py:33 - tst_new - ok data: , 7105.0, 7100.0, 7119.0, 7099.09, 7050.02, 7064.0, 7049.91, 7049.0, 7080.0, 7088.0, 7090.73, 7102.0, 7070.21, 7069.0, 7100.0, 7127.0, 7100.11, 7150.0, 7120.0, 7130.0, 7140.0, 7166.0, 7150.0, 7143.0, 7160.0, 7146.0, 7120.0, 7123.0, 7130.0, 7118.0, 7118.01, 7097.06, 7091.3, 7070.0, 7118.95, 7100.0, 7090.0, 7088.89, 7059.0, 7060.0, 7088.18, 7040.1, 7090.0, 7071.01, 7099.0, 7076.03, 7049.0, 7037.1, 7034.14, 6879.99
2017-03-22 21:49:52,251 - logger.py:33 - tst_new - huobi data: , 7099, 7129.88, 7142.23, 7139, 7103, 7099.97, 7090, 7070, 7092.79, 7090, 7108, 7121, 7123, 7129, 7138, 7158.44, 7160.07, 7161.04, 7169, 7161, 7171.97, 7174.94, 7160.04, 7177.83, 7174.6, 7174.97, 7167.68, 7165, 7150, 7132, 7138.57, 7099.97, 7082, 7095.47, 7120, 7100, 7082.03, 7118.55, 7067, 7084.86, 7084.89, 7086, 7090, 7092.97, 7090, 7090, 7069.85, 7044.97, 7019.97, 6888
2017-03-22 21:49:52,255 - logger.py:37 - tst_new - decision: p1:6879.990000, p2:6888.000000, mu:-21.234400, sigma:18.932781, z_score:0.698492, margin1:209.103820, margin2:201.077800
2017-03-22 21:49:52,256 - logger.py:33 - tst_new - no buy or sell this time
2017-03-22 21:50:11,959 - logger.py:33 - tst_new - ok account: cny_fr: 432.835, btc_fr: 0.00998, cny_fz: 0.0, btc_fz: 0.0, rate: 0.003, state: even, BuyPrice: 8000, 
2017-03-22 21:50:11,960 - logger.py:33 - tst_new - huobi account: cny_fr: 434.1, btc_fr: 0.0028, cny_fz: 0.0, btc_fz: 0.0, rate: 0.003, state: even, BuyPrice: 8000, 
2017-03-22 21:50:11,960 - logger.py:33 - tst_new - ok data: , 7105.0, 7100.0, 7119.0, 7099.09, 7050.02, 7064.0, 7049.91, 7049.0, 7080.0, 7088.0, 7090.73, 7102.0, 7070.21, 7069.0, 7100.0, 7127.0, 7100.11, 7150.0, 7120.0, 7130.0, 7140.0, 7166.0, 7150.0, 7143.0, 7160.0, 7146.0, 7120.0, 7123.0, 7130.0, 7118.0, 7118.01, 7097.06, 7091.3, 7070.0, 7118.95, 7100.0, 7090.0, 7088.89, 7059.0, 7060.0, 7088.18, 7040.1, 7090.0, 7071.01, 7099.0, 7076.03, 7049.0, 7037.1, 7034.14, 6880.0
2017-03-22 21:50:11,960 - logger.py:33 - tst_new - huobi data: , 7129.88, 7142.23, 7139, 7103, 7099.97, 7090, 7070, 7092.79, 7090, 7108, 7121, 7123, 7129, 7138, 7158.44, 7160.07, 7161.04, 7169, 7161, 7171.97, 7174.94, 7160.04, 7177.83, 7174.6, 7174.97, 7167.68, 7165, 7150, 7132, 7138.57, 7099.97, 7082, 7095.47, 7120, 7100, 7082.03, 7118.55, 7067, 7084.86, 7084.89, 7086, 7090, 7092.97, 7090, 7090, 7069.85, 7044.97, 7019.97, 6898.97, 6898.97
2017-03-22 21:50:11,962 - logger.py:37 - tst_new - decision: p1:6880.000000, p2:6898.970000, mu:-17.453000, sigma:31.730591, z_score:-0.047809, margin1:207.203300, margin2:188.195360
2017-03-22 21:50:11,963 - logger.py:33 - tst_new - no buy or sell this time
2017-03-22 21:50:30,930 - logger.py:33 - tst_new - ok account: cny_fr: 432.835, btc_fr: 0.00998, cny_fz: 0.0, btc_fz: 0.0, rate: 0.003, state: even, BuyPrice: 8000, 
2017-03-22 21:50:30,931 - logger.py:33 - tst_new - huobi account: cny_fr: 434.1, btc_fr: 0.0028, cny_fz: 0.0, btc_fz: 0.0, rate: 0.003, state: even, BuyPrice: 8000, 
2017-03-22 21:50:30,931 - logger.py:33 - tst_new - ok data: , 7100.0, 7119.0, 7099.09, 7050.02, 7064.0, 7049.91, 7049.0, 7080.0, 7088.0, 7090.73, 7102.0, 7070.21, 7069.0, 7100.0, 7127.0, 7100.11, 7150.0, 7120.0, 7130.0, 7140.0, 7166.0, 7150.0, 7143.0, 7160.0, 7146.0, 7120.0, 7123.0, 7130.0, 7118.0, 7118.01, 7097.06, 7091.3, 7070.0, 7118.95, 7100.0, 7090.0, 7088.89, 7059.0, 7060.0, 7088.18, 7040.1, 7090.0, 7071.01, 7099.0, 7076.03, 7049.0, 7037.1, 7034.14, 6888.33, 6885.0
2017-03-22 21:50:30,931 - logger.py:33 - tst_new - huobi data: , 7129.88, 7142.23, 7139, 7103, 7099.97, 7090, 7070, 7092.79, 7090, 7108, 7121, 7123, 7129, 7138, 7158.44, 7160.07, 7161.04, 7169, 7161, 7171.97, 7174.94, 7160.04, 7177.83, 7174.6, 7174.97, 7167.68, 7165, 7150, 7132, 7138.57, 7099.97, 7082, 7095.47, 7120, 7100, 7082.03, 7118.55, 7067, 7084.86, 7084.89, 7086, 7090, 7092.97, 7090, 7090, 7069.85, 7044.97, 7019.97, 6898.97, 6877.97
2017-03-22 21:50:30,932 - logger.py:37 - tst_new - decision: p1:6885.000000, p2:6877.970000, mu:-21.266400, sigma:18.929860, z_score:1.494802, margin1:199.866600, margin2:206.910660
2017-03-22 21:50:30,932 - logger.py:37 - tst_new - =================BUY2
2017-03-22 21:50:30,932 - logger.py:44 - tst_new - [P2.!!!] Too few btc. Actual: 0, Need: 0.01
2017-03-22 21:50:30,932 - logger.py:33 - tst_new - no buy or sell this time
2017-03-22 21:50:50,525 - logger.py:33 - tst_new - ok account: cny_fr: 432.835, btc_fr: 0.00998, cny_fz: 0.0, btc_fz: 0.0, rate: 0.003, state: even, BuyPrice: 8000, 
2017-03-22 21:50:50,526 - logger.py:33 - tst_new - huobi account: cny_fr: 434.1, btc_fr: 0.0028, cny_fz: 0.0, btc_fz: 0.0, rate: 0.003, state: even, BuyPrice: 8000, 
2017-03-22 21:50:50,526 - logger.py:33 - tst_new - ok data: , 7100.0, 7119.0, 7099.09, 7050.02, 7064.0, 7049.91, 7049.0, 7080.0, 7088.0, 7090.73, 7102.0, 7070.21, 7069.0, 7100.0, 7127.0, 7100.11, 7150.0, 7120.0, 7130.0, 7140.0, 7166.0, 7150.0, 7143.0, 7160.0, 7146.0, 7120.0, 7123.0, 7130.0, 7118.0, 7118.01, 7097.06, 7091.3, 7070.0, 7118.95, 7100.0, 7090.0, 7088.89, 7059.0, 7060.0, 7088.18, 7040.1, 7090.0, 7071.01, 7099.0, 7076.03, 7049.0, 7037.1, 7034.14, 6888.33, 6911.47
2017-03-22 21:50:50,527 - logger.py:33 - tst_new - huobi data: , 7129.88, 7142.23, 7139, 7103, 7099.97, 7090, 7070, 7092.79, 7090, 7108, 7121, 7123, 7129, 7138, 7158.44, 7160.07, 7161.04, 7169, 7161, 7171.97, 7174.94, 7160.04, 7177.83, 7174.6, 7174.97, 7167.68, 7165, 7150, 7132, 7138.57, 7099.97, 7082, 7095.47, 7120, 7100, 7082.03, 7118.55, 7067, 7084.86, 7084.89, 7086, 7090, 7092.97, 7090, 7090, 7069.85, 7044.97, 7019.97, 6898.97, 6900
2017-03-22 21:50:50,530 - logger.py:37 - tst_new - decision: p1:6911.470000, p2:6900.000000, mu:-21.177600, sigma:19.072268, z_score:1.711784, margin1:173.828660, margin2:185.321600
2017-03-22 21:50:50,531 - logger.py:37 - tst_new - =================BUY2
2017-03-22 21:50:50,531 - logger.py:44 - tst_new - [P2.!!!] Too few btc. Actual: 0, Need: 0.01
2017-03-22 21:50:50,532 - logger.py:33 - tst_new - no buy or sell this time
2017-03-22 21:51:18,266 - logger.py:33 - tst_new - ok account: cny_fr: 432.835, btc_fr: 0.00998, cny_fz: 0.0, btc_fz: 0.0, rate: 0.003, state: even, BuyPrice: 8000, 
2017-03-22 21:51:18,266 - logger.py:33 - tst_new - huobi account: cny_fr: 434.1, btc_fr: 0.0028, cny_fz: 0.0, btc_fz: 0.0, rate: 0.003, state: even, BuyPrice: 8000, 
2017-03-22 21:51:18,266 - logger.py:33 - tst_new - ok data: , 7100.0, 7119.0, 7099.09, 7050.02, 7064.0, 7049.91, 7049.0, 7080.0, 7088.0, 7090.73, 7102.0, 7070.21, 7069.0, 7100.0, 7127.0, 7100.11, 7150.0, 7120.0, 7130.0, 7140.0, 7166.0, 7150.0, 7143.0, 7160.0, 7146.0, 7120.0, 7123.0, 7130.0, 7118.0, 7118.01, 7097.06, 7091.3, 7070.0, 7118.95, 7100.0, 7090.0, 7088.89, 7059.0, 7060.0, 7088.18, 7040.1, 7090.0, 7071.01, 7099.0, 7076.03, 7049.0, 7037.1, 7034.14, 6888.33, 6895.0
2017-03-22 21:51:18,267 - logger.py:33 - tst_new - huobi data: , 7129.88, 7142.23, 7139, 7103, 7099.97, 7090, 7070, 7092.79, 7090, 7108, 7121, 7123, 7129, 7138, 7158.44, 7160.07, 7161.04, 7169, 7161, 7171.97, 7174.94, 7160.04, 7177.83, 7174.6, 7174.97, 7167.68, 7165, 7150, 7132, 7138.57, 7099.97, 7082, 7095.47, 7120, 7100, 7082.03, 7118.55, 7067, 7084.86, 7084.89, 7086, 7090, 7092.97, 7090, 7090, 7069.85, 7044.97, 7019.97, 6898.97, 6900.03
2017-03-22 21:51:18,269 - logger.py:37 - tst_new - decision: p1:6895.000000, p2:6900.030000, mu:-21.507600, sigma:18.642427, z_score:0.883876, margin1:190.167200, margin2:185.127140
2017-03-22 21:51:18,269 - logger.py:33 - tst_new - no buy or sell this time
2017-03-22 21:51:36,766 - logger.py:33 - tst_new - ok account: cny_fr: 432.835, btc_fr: 0.00998, cny_fz: 0.0, btc_fz: 0.0, rate: 0.003, state: even, BuyPrice: 8000, 
2017-03-22 21:51:36,767 - logger.py:33 - tst_new - huobi account: cny_fr: 434.1, btc_fr: 0.0028, cny_fz: 0.0, btc_fz: 0.0, rate: 0.003, state: even, BuyPrice: 8000, 
2017-03-22 21:51:36,768 - logger.py:33 - tst_new - ok data: , 7100.0, 7119.0, 7099.09, 7050.02, 7064.0, 7049.91, 7049.0, 7080.0, 7088.0, 7090.73, 7102.0, 7070.21, 7069.0, 7100.0, 7127.0, 7100.11, 7150.0, 7120.0, 7130.0, 7140.0, 7166.0, 7150.0, 7143.0, 7160.0, 7146.0, 7120.0, 7123.0, 7130.0, 7118.0, 7118.01, 7097.06, 7091.3, 7070.0, 7118.95, 7100.0, 7090.0, 7088.89, 7059.0, 7060.0, 7088.18, 7040.1, 7090.0, 7071.01, 7099.0, 7076.03, 7049.0, 7037.1, 7034.14, 6888.33, 6920.0
2017-03-22 21:51:36,768 - logger.py:33 - tst_new - huobi data: , 7129.88, 7142.23, 7139, 7103, 7099.97, 7090, 7070, 7092.79, 7090, 7108, 7121, 7123, 7129, 7138, 7158.44, 7160.07, 7161.04, 7169, 7161, 7171.97, 7174.94, 7160.04, 7177.83, 7174.6, 7174.97, 7167.68, 7165, 7150, 7132, 7138.57, 7099.97, 7082, 7095.47, 7120, 7100, 7082.03, 7118.55, 7067, 7084.86, 7084.89, 7086, 7090, 7092.97, 7090, 7090, 7069.85, 7044.97, 7019.97, 6898.97, 6920
2017-03-22 21:51:36,773 - logger.py:37 - tst_new - decision: p1:6920.000000, p2:6920.000000, mu:-21.407000, sigma:18.744367, z_score:1.142050, margin1:165.566900, margin2:165.566900
2017-03-22 21:51:36,774 - logger.py:37 - tst_new - =================BUY2
2017-03-22 21:51:36,774 - logger.py:44 - tst_new - [P2.!!!] Too few btc. Actual: 0, Need: 0.01
2017-03-22 21:51:36,775 - logger.py:33 - tst_new - no buy or sell this time
2017-03-22 21:51:58,796 - logger.py:33 - tst_new - ok account: cny_fr: 432.835, btc_fr: 0.00998, cny_fz: 0.0, btc_fz: 0.0, rate: 0.003, state: even, BuyPrice: 8000, 
2017-03-22 21:51:58,796 - logger.py:33 - tst_new - huobi account: cny_fr: 434.1, btc_fr: 0.0028, cny_fz: 0.0, btc_fz: 0.0, rate: 0.003, state: even, BuyPrice: 8000, 
2017-03-22 21:51:58,796 - logger.py:33 - tst_new - ok data: , 7100.0, 7119.0, 7099.09, 7050.02, 7064.0, 7049.91, 7049.0, 7080.0, 7088.0, 7090.73, 7102.0, 7070.21, 7069.0, 7100.0, 7127.0, 7100.11, 7150.0, 7120.0, 7130.0, 7140.0, 7166.0, 7150.0, 7143.0, 7160.0, 7146.0, 7120.0, 7123.0, 7130.0, 7118.0, 7118.01, 7097.06, 7091.3, 7070.0, 7118.95, 7100.0, 7090.0, 7088.89, 7059.0, 7060.0, 7088.18, 7040.1, 7090.0, 7071.01, 7099.0, 7076.03, 7049.0, 7037.1, 7034.14, 6888.33, 6920.0
2017-03-22 21:51:58,797 - logger.py:33 - tst_new - huobi data: , 7129.88, 7142.23, 7139, 7103, 7099.97, 7090, 7070, 7092.79, 7090, 7108, 7121, 7123, 7129, 7138, 7158.44, 7160.07, 7161.04, 7169, 7161, 7171.97, 7174.94, 7160.04, 7177.83, 7174.6, 7174.97, 7167.68, 7165, 7150, 7132, 7138.57, 7099.97, 7082, 7095.47, 7120, 7100, 7082.03, 7118.55, 7067, 7084.86, 7084.89, 7086, 7090, 7092.97, 7090, 7090, 7069.85, 7044.97, 7019.97, 6898.97, 6920
2017-03-22 21:51:58,800 - logger.py:37 - tst_new - decision: p1:6920.000000, p2:6920.000000, mu:-21.407000, sigma:18.744367, z_score:1.142050, margin1:165.566900, margin2:165.566900
2017-03-22 21:51:58,800 - logger.py:37 - tst_new - =================BUY2
2017-03-22 21:51:58,800 - logger.py:44 - tst_new - [P2.!!!] Too few btc. Actual: 0, Need: 0.01
2017-03-22 21:51:58,800 - logger.py:33 - tst_new - no buy or sell this time
2017-03-22 21:52:18,488 - logger.py:33 - tst_new - ok account: cny_fr: 432.835, btc_fr: 0.00998, cny_fz: 0.0, btc_fz: 0.0, rate: 0.003, state: even, BuyPrice: 8000, 
2017-03-22 21:52:18,489 - logger.py:33 - tst_new - huobi account: cny_fr: 434.1, btc_fr: 0.0028, cny_fz: 0.0, btc_fz: 0.0, rate: 0.003, state: even, BuyPrice: 8000, 
2017-03-22 21:52:18,489 - logger.py:33 - tst_new - ok data: , 7100.0, 7119.0, 7099.09, 7050.02, 7064.0, 7049.91, 7049.0, 7080.0, 7088.0, 7090.73, 7102.0, 7070.21, 7069.0, 7100.0, 7127.0, 7100.11, 7150.0, 7120.0, 7130.0, 7140.0, 7166.0, 7150.0, 7143.0, 7160.0, 7146.0, 7120.0, 7123.0, 7130.0, 7118.0, 7118.01, 7097.06, 7091.3, 7070.0, 7118.95, 7100.0, 7090.0, 7088.89, 7059.0, 7060.0, 7088.18, 7040.1, 7090.0, 7071.01, 7099.0, 7076.03, 7049.0, 7037.1, 7034.14, 6888.33, 6922.0
2017-03-22 21:52:18,490 - logger.py:33 - tst_new - huobi data: , 7129.88, 7142.23, 7139, 7103, 7099.97, 7090, 7070, 7092.79, 7090, 7108, 7121, 7123, 7129, 7138, 7158.44, 7160.07, 7161.04, 7169, 7161, 7171.97, 7174.94, 7160.04, 7177.83, 7174.6, 7174.97, 7167.68, 7165, 7150, 7132, 7138.57, 7099.97, 7082, 7095.47, 7120, 7100, 7082.03, 7118.55, 7067, 7084.86, 7084.89, 7086, 7090, 7092.97, 7090, 7090, 7069.85, 7044.97, 7019.97, 6898.97, 6903.54
2017-03-22 21:52:18,493 - logger.py:37 - tst_new - decision: p1:6922.000000, p2:6903.540000, mu:-21.037800, sigma:19.334874, z_score:2.042827, margin1:163.418300, margin2:181.915220
2017-03-22 21:52:18,493 - logger.py:37 - tst_new - =================BUY2
2017-03-22 21:52:18,494 - logger.py:44 - tst_new - [P2.!!!] Too few btc. Actual: 0, Need: 0.01
2017-03-22 21:52:18,494 - logger.py:33 - tst_new - no buy or sell this time
2017-03-22 21:52:37,544 - logger.py:33 - tst_new - ok account: cny_fr: 432.835, btc_fr: 0.00998, cny_fz: 0.0, btc_fz: 0.0, rate: 0.003, state: even, BuyPrice: 8000, 
2017-03-22 21:52:37,545 - logger.py:33 - tst_new - huobi account: cny_fr: 434.1, btc_fr: 0.0028, cny_fz: 0.0, btc_fz: 0.0, rate: 0.003, state: even, BuyPrice: 8000, 
2017-03-22 21:52:37,546 - logger.py:33 - tst_new - ok data: , 7100.0, 7119.0, 7099.09, 7050.02, 7064.0, 7049.91, 7049.0, 7080.0, 7088.0, 7090.73, 7102.0, 7070.21, 7069.0, 7100.0, 7127.0, 7100.11, 7150.0, 7120.0, 7130.0, 7140.0, 7166.0, 7150.0, 7143.0, 7160.0, 7146.0, 7120.0, 7123.0, 7130.0, 7118.0, 7118.01, 7097.06, 7091.3, 7070.0, 7118.95, 7100.0, 7090.0, 7088.89, 7059.0, 7060.0, 7088.18, 7040.1, 7090.0, 7071.01, 7099.0, 7076.03, 7049.0, 7037.1, 7034.14, 6888.33, 6928.6
2017-03-22 21:52:37,546 - logger.py:33 - tst_new - huobi data: , 7129.88, 7142.23, 7139, 7103, 7099.97, 7090, 7070, 7092.79, 7090, 7108, 7121, 7123, 7129, 7138, 7158.44, 7160.07, 7161.04, 7169, 7161, 7171.97, 7174.94, 7160.04, 7177.83, 7174.6, 7174.97, 7167.68, 7165, 7150, 7132, 7138.57, 7099.97, 7082, 7095.47, 7120, 7100, 7082.03, 7118.55, 7067, 7084.86, 7084.89, 7086, 7090, 7092.97, 7090, 7090, 7069.85, 7044.97, 7019.97, 6898.97, 6903.63
2017-03-22 21:52:37,550 - logger.py:37 - tst_new - decision: p1:6928.600000, p2:6903.630000, mu:-20.907600, sigma:19.620225, z_score:2.338281, margin1:156.872000, margin2:181.891940
2017-03-22 21:52:37,550 - logger.py:37 - tst_new - =================BUY2
2017-03-22 21:52:37,551 - logger.py:44 - tst_new - [P2.!!!] Too few btc. Actual: 0, Need: 0.01
2017-03-22 21:52:37,551 - logger.py:33 - tst_new - no buy or sell this time
2017-03-22 21:52:59,457 - logger.py:33 - tst_new - ok account: cny_fr: 432.835, btc_fr: 0.00998, cny_fz: 0.0, btc_fz: 0.0, rate: 0.003, state: even, BuyPrice: 8000, 
2017-03-22 21:52:59,458 - logger.py:33 - tst_new - huobi account: cny_fr: 434.1, btc_fr: 0.0028, cny_fz: 0.0, btc_fz: 0.0, rate: 0.003, state: even, BuyPrice: 8000, 
2017-03-22 21:52:59,459 - logger.py:33 - tst_new - ok data: , 7100.0, 7119.0, 7099.09, 7050.02, 7064.0, 7049.91, 7049.0, 7080.0, 7088.0, 7090.73, 7102.0, 7070.21, 7069.0, 7100.0, 7127.0, 7100.11, 7150.0, 7120.0, 7130.0, 7140.0, 7166.0, 7150.0, 7143.0, 7160.0, 7146.0, 7120.0, 7123.0, 7130.0, 7118.0, 7118.01, 7097.06, 7091.3, 7070.0, 7118.95, 7100.0, 7090.0, 7088.89, 7059.0, 7060.0, 7088.18, 7040.1, 7090.0, 7071.01, 7099.0, 7076.03, 7049.0, 7037.1, 7034.14, 6888.33, 6929.93
2017-03-22 21:52:59,459 - logger.py:33 - tst_new - huobi data: , 7129.88, 7142.23, 7139, 7103, 7099.97, 7090, 7070, 7092.79, 7090, 7108, 7121, 7123, 7129, 7138, 7158.44, 7160.07, 7161.04, 7169, 7161, 7171.97, 7174.94, 7160.04, 7177.83, 7174.6, 7174.97, 7167.68, 7165, 7150, 7132, 7138.57, 7099.97, 7082, 7095.47, 7120, 7100, 7082.03, 7118.55, 7067, 7084.86, 7084.89, 7086, 7090, 7092.97, 7090, 7090, 7069.85, 7044.97, 7019.97, 6898.97, 6934.6
2017-03-22 21:52:59,463 - logger.py:37 - tst_new - decision: p1:6929.930000, p2:6934.600000, mu:-21.500400, sigma:18.648858, z_score:0.902490, margin1:155.862340, margin2:151.183000
2017-03-22 21:52:59,464 - logger.py:33 - tst_new - no buy or sell this time
2017-03-22 21:53:17,924 - logger.py:33 - tst_new - ok account: cny_fr: 432.835, btc_fr: 0.00998, cny_fz: 0.0, btc_fz: 0.0, rate: 0.003, state: even, BuyPrice: 8000, 
2017-03-22 21:53:17,925 - logger.py:33 - tst_new - huobi account: cny_fr: 434.1, btc_fr: 0.0028, cny_fz: 0.0, btc_fz: 0.0, rate: 0.003, state: even, BuyPrice: 8000, 
2017-03-22 21:53:17,926 - logger.py:33 - tst_new - ok data: , 7100.0, 7119.0, 7099.09, 7050.02, 7064.0, 7049.91, 7049.0, 7080.0, 7088.0, 7090.73, 7102.0, 7070.21, 7069.0, 7100.0, 7127.0, 7100.11, 7150.0, 7120.0, 7130.0, 7140.0, 7166.0, 7150.0, 7143.0, 7160.0, 7146.0, 7120.0, 7123.0, 7130.0, 7118.0, 7118.01, 7097.06, 7091.3, 7070.0, 7118.95, 7100.0, 7090.0, 7088.89, 7059.0, 7060.0, 7088.18, 7040.1, 7090.0, 7071.01, 7099.0, 7076.03, 7049.0, 7037.1, 7034.14, 6888.33, 6943.56
2017-03-22 21:53:17,926 - logger.py:33 - tst_new - huobi data: , 7129.88, 7142.23, 7139, 7103, 7099.97, 7090, 7070, 7092.79, 7090, 7108, 7121, 7123, 7129, 7138, 7158.44, 7160.07, 7161.04, 7169, 7161, 7171.97, 7174.94, 7160.04, 7177.83, 7174.6, 7174.97, 7167.68, 7165, 7150, 7132, 7138.57, 7099.97, 7082, 7095.47, 7120, 7100, 7082.03, 7118.55, 7067, 7084.86, 7084.89, 7086, 7090, 7092.97, 7090, 7090, 7069.85, 7044.97, 7019.97, 6898.97, 6934.6
2017-03-22 21:53:17,930 - logger.py:37 - tst_new - decision: p1:6943.560000, p2:6934.600000, mu:-21.227800, sigma:18.989394, z_score:1.589719, margin1:142.341380, margin2:151.319300
2017-03-22 21:53:17,930 - logger.py:37 - tst_new - =================BUY2
2017-03-22 21:53:17,931 - logger.py:44 - tst_new - [P2.!!!] Too few btc. Actual: 0, Need: 0.01
2017-03-22 21:53:17,931 - logger.py:33 - tst_new - no buy or sell this time
2017-03-22 21:53:39,131 - logger.py:33 - tst_new - ok account: cny_fr: 432.835, btc_fr: 0.00998, cny_fz: 0.0, btc_fz: 0.0, rate: 0.003, state: even, BuyPrice: 8000, 
2017-03-22 21:53:39,132 - logger.py:33 - tst_new - huobi account: cny_fr: 434.1, btc_fr: 0.0028, cny_fz: 0.0, btc_fz: 0.0, rate: 0.003, state: even, BuyPrice: 8000, 
2017-03-22 21:53:39,133 - logger.py:33 - tst_new - ok data: , 7100.0, 7119.0, 7099.09, 7050.02, 7064.0, 7049.91, 7049.0, 7080.0, 7088.0, 7090.73, 7102.0, 7070.21, 7069.0, 7100.0, 7127.0, 7100.11, 7150.0, 7120.0, 7130.0, 7140.0, 7166.0, 7150.0, 7143.0, 7160.0, 7146.0, 7120.0, 7123.0, 7130.0, 7118.0, 7118.01, 7097.06, 7091.3, 7070.0, 7118.95, 7100.0, 7090.0, 7088.89, 7059.0, 7060.0, 7088.18, 7040.1, 7090.0, 7071.01, 7099.0, 7076.03, 7049.0, 7037.1, 7034.14, 6888.33, 6930.0
2017-03-22 21:53:39,134 - logger.py:33 - tst_new - huobi data: , 7129.88, 7142.23, 7139, 7103, 7099.97, 7090, 7070, 7092.79, 7090, 7108, 7121, 7123, 7129, 7138, 7158.44, 7160.07, 7161.04, 7169, 7161, 7171.97, 7174.94, 7160.04, 7177.83, 7174.6, 7174.97, 7167.68, 7165, 7150, 7132, 7138.57, 7099.97, 7082, 7095.47, 7120, 7100, 7082.03, 7118.55, 7067, 7084.86, 7084.89, 7086, 7090, 7092.97, 7090, 7090, 7069.85, 7044.97, 7019.97, 6898.97, 6935
2017-03-22 21:53:39,136 - logger.py:37 - tst_new - decision: p1:6930.000000, p2:6935.000000, mu:-21.507000, sigma:18.642958, z_score:0.885428, margin1:155.796900, margin2:150.786900
2017-03-22 21:53:39,137 - logger.py:33 - tst_new - no buy or sell this time
2017-03-22 21:53:59,420 - logger.py:33 - tst_new - ok account: cny_fr: 432.835, btc_fr: 0.00998, cny_fz: 0.0, btc_fz: 0.0, rate: 0.003, state: even, BuyPrice: 8000, 
2017-03-22 21:53:59,420 - logger.py:33 - tst_new - huobi account: cny_fr: 434.1, btc_fr: 0.0028, cny_fz: 0.0, btc_fz: 0.0, rate: 0.003, state: even, BuyPrice: 8000, 
2017-03-22 21:53:59,422 - logger.py:33 - tst_new - ok data: , 7100.0, 7119.0, 7099.09, 7050.02, 7064.0, 7049.91, 7049.0, 7080.0, 7088.0, 7090.73, 7102.0, 7070.21, 7069.0, 7100.0, 7127.0, 7100.11, 7150.0, 7120.0, 7130.0, 7140.0, 7166.0, 7150.0, 7143.0, 7160.0, 7146.0, 7120.0, 7123.0, 7130.0, 7118.0, 7118.01, 7097.06, 7091.3, 7070.0, 7118.95, 7100.0, 7090.0, 7088.89, 7059.0, 7060.0, 7088.18, 7040.1, 7090.0, 7071.01, 7099.0, 7076.03, 7049.0, 7037.1, 7034.14, 6888.33, 6920.0
2017-03-22 21:53:59,422 - logger.py:33 - tst_new - huobi data: , 7129.88, 7142.23, 7139, 7103, 7099.97, 7090, 7070, 7092.79, 7090, 7108, 7121, 7123, 7129, 7138, 7158.44, 7160.07, 7161.04, 7169, 7161, 7171.97, 7174.94, 7160.04, 7177.83, 7174.6, 7174.97, 7167.68, 7165, 7150, 7132, 7138.57, 7099.97, 7082, 7095.47, 7120, 7100, 7082.03, 7118.55, 7067, 7084.86, 7084.89, 7086, 7090, 7092.97, 7090, 7090, 7069.85, 7044.97, 7019.97, 6898.97, 6940
2017-03-22 21:53:59,427 - logger.py:37 - tst_new - decision: p1:6920.000000, p2:6940.000000, mu:-21.807000, sigma:18.495018, z_score:0.097702, margin1:165.766900, margin2:145.726900
2017-03-22 21:53:59,427 - logger.py:33 - tst_new - no buy or sell this time
2017-03-22 21:54:19,066 - logger.py:33 - tst_new - ok account: cny_fr: 432.835, btc_fr: 0.00998, cny_fz: 0.0, btc_fz: 0.0, rate: 0.003, state: even, BuyPrice: 8000, 
2017-03-22 21:54:19,066 - logger.py:33 - tst_new - huobi account: cny_fr: 434.1, btc_fr: 0.0028, cny_fz: 0.0, btc_fz: 0.0, rate: 0.003, state: even, BuyPrice: 8000, 
2017-03-22 21:54:19,067 - logger.py:33 - tst_new - ok data: , 7100.0, 7119.0, 7099.09, 7050.02, 7064.0, 7049.91, 7049.0, 7080.0, 7088.0, 7090.73, 7102.0, 7070.21, 7069.0, 7100.0, 7127.0, 7100.11, 7150.0, 7120.0, 7130.0, 7140.0, 7166.0, 7150.0, 7143.0, 7160.0, 7146.0, 7120.0, 7123.0, 7130.0, 7118.0, 7118.01, 7097.06, 7091.3, 7070.0, 7118.95, 7100.0, 7090.0, 7088.89, 7059.0, 7060.0, 7088.18, 7040.1, 7090.0, 7071.01, 7099.0, 7076.03, 7049.0, 7037.1, 7034.14, 6888.33, 6910.0
2017-03-22 21:54:19,067 - logger.py:33 - tst_new - huobi data: , 7129.88, 7142.23, 7139, 7103, 7099.97, 7090, 7070, 7092.79, 7090, 7108, 7121, 7123, 7129, 7138, 7158.44, 7160.07, 7161.04, 7169, 7161, 7171.97, 7174.94, 7160.04, 7177.83, 7174.6, 7174.97, 7167.68, 7165, 7150, 7132, 7138.57, 7099.97, 7082, 7095.47, 7120, 7100, 7082.03, 7118.55, 7067, 7084.86, 7084.89, 7086, 7090, 7092.97, 7090, 7090, 7069.85, 7044.97, 7019.97, 6898.97, 6935.03
2017-03-22 21:54:19,071 - logger.py:37 - tst_new - decision: p1:6910.000000, p2:6935.030000, mu:-21.907600, sigma:18.498595, z_score:-0.168791, margin1:175.637200, margin2:150.557140
2017-03-22 21:54:19,071 - logger.py:33 - tst_new - no buy or sell this time
2017-03-22 21:54:38,093 - logger.py:33 - tst_new - ok account: cny_fr: 432.835, btc_fr: 0.00998, cny_fz: 0.0, btc_fz: 0.0, rate: 0.003, state: even, BuyPrice: 8000, 
2017-03-22 21:54:38,093 - logger.py:33 - tst_new - huobi account: cny_fr: 434.1, btc_fr: 0.0028, cny_fz: 0.0, btc_fz: 0.0, rate: 0.003, state: even, BuyPrice: 8000, 
2017-03-22 21:54:38,094 - logger.py:33 - tst_new - ok data: , 7100.0, 7119.0, 7099.09, 7050.02, 7064.0, 7049.91, 7049.0, 7080.0, 7088.0, 7090.73, 7102.0, 7070.21, 7069.0, 7100.0, 7127.0, 7100.11, 7150.0, 7120.0, 7130.0, 7140.0, 7166.0, 7150.0, 7143.0, 7160.0, 7146.0, 7120.0, 7123.0, 7130.0, 7118.0, 7118.01, 7097.06, 7091.3, 7070.0, 7118.95, 7100.0, 7090.0, 7088.89, 7059.0, 7060.0, 7088.18, 7040.1, 7090.0, 7071.01, 7099.0, 7076.03, 7049.0, 7037.1, 7034.14, 6888.33, 6910.0
2017-03-22 21:54:38,094 - logger.py:33 - tst_new - huobi data: , 7129.88, 7142.23, 7139, 7103, 7099.97, 7090, 7070, 7092.79, 7090, 7108, 7121, 7123, 7129, 7138, 7158.44, 7160.07, 7161.04, 7169, 7161, 7171.97, 7174.94, 7160.04, 7177.83, 7174.6, 7174.97, 7167.68, 7165, 7150, 7132, 7138.57, 7099.97, 7082, 7095.47, 7120, 7100, 7082.03, 7118.55, 7067, 7084.86, 7084.89, 7086, 7090, 7092.97, 7090, 7090, 7069.85, 7044.97, 7019.97, 6898.97, 6935
2017-03-22 21:54:38,096 - logger.py:37 - tst_new - decision: p1:6910.000000, p2:6935.000000, mu:-21.907000, sigma:18.498494, z_score:-0.167203, margin1:175.636900, margin2:150.586900
2017-03-22 21:54:38,096 - logger.py:33 - tst_new - no buy or sell this time
2017-03-22 21:54:59,969 - logger.py:33 - tst_new - ok account: cny_fr: 432.835, btc_fr: 0.00998, cny_fz: 0.0, btc_fz: 0.0, rate: 0.003, state: even, BuyPrice: 8000, 
2017-03-22 21:54:59,969 - logger.py:33 - tst_new - huobi account: cny_fr: 434.1, btc_fr: 0.0028, cny_fz: 0.0, btc_fz: 0.0, rate: 0.003, state: even, BuyPrice: 8000, 
2017-03-22 21:54:59,969 - logger.py:33 - tst_new - ok data: , 7100.0, 7119.0, 7099.09, 7050.02, 7064.0, 7049.91, 7049.0, 7080.0, 7088.0, 7090.73, 7102.0, 7070.21, 7069.0, 7100.0, 7127.0, 7100.11, 7150.0, 7120.0, 7130.0, 7140.0, 7166.0, 7150.0, 7143.0, 7160.0, 7146.0, 7120.0, 7123.0, 7130.0, 7118.0, 7118.01, 7097.06, 7091.3, 7070.0, 7118.95, 7100.0, 7090.0, 7088.89, 7059.0, 7060.0, 7088.18, 7040.1, 7090.0, 7071.01, 7099.0, 7076.03, 7049.0, 7037.1, 7034.14, 6888.33, 6921.0
2017-03-22 21:54:59,970 - logger.py:33 - tst_new - huobi data: , 7129.88, 7142.23, 7139, 7103, 7099.97, 7090, 7070, 7092.79, 7090, 7108, 7121, 7123, 7129, 7138, 7158.44, 7160.07, 7161.04, 7169, 7161, 7171.97, 7174.94, 7160.04, 7177.83, 7174.6, 7174.97, 7167.68, 7165, 7150, 7132, 7138.57, 7099.97, 7082, 7095.47, 7120, 7100, 7082.03, 7118.55, 7067, 7084.86, 7084.89, 7086, 7090, 7092.97, 7090, 7090, 7069.85, 7044.97, 7019.97, 6898.97, 6935
2017-03-22 21:54:59,970 - logger.py:37 - tst_new - decision: p1:6921.000000, p2:6935.000000, mu:-21.687000, sigma:18.525792, z_score:0.414935, margin1:164.724900, margin2:150.696900
2017-03-22 21:54:59,970 - logger.py:33 - tst_new - no buy or sell this time
2017-03-22 21:55:20,828 - logger.py:33 - tst_new - ok account: cny_fr: 432.835, btc_fr: 0.00998, cny_fz: 0.0, btc_fz: 0.0, rate: 0.003, state: even, BuyPrice: 8000, 
2017-03-22 21:55:20,829 - logger.py:33 - tst_new - huobi account: cny_fr: 434.1, btc_fr: 0.0028, cny_fz: 0.0, btc_fz: 0.0, rate: 0.003, state: even, BuyPrice: 8000, 
2017-03-22 21:55:20,829 - logger.py:33 - tst_new - ok data: , 7119.0, 7099.09, 7050.02, 7064.0, 7049.91, 7049.0, 7080.0, 7088.0, 7090.73, 7102.0, 7070.21, 7069.0, 7100.0, 7127.0, 7100.11, 7150.0, 7120.0, 7130.0, 7140.0, 7166.0, 7150.0, 7143.0, 7160.0, 7146.0, 7120.0, 7123.0, 7130.0, 7118.0, 7118.01, 7097.06, 7091.3, 7070.0, 7118.95, 7100.0, 7090.0, 7088.89, 7059.0, 7060.0, 7088.18, 7040.1, 7090.0, 7071.01, 7099.0, 7076.03, 7049.0, 7037.1, 7034.14, 6888.33, 6921.0, 6910.0
2017-03-22 21:55:20,830 - logger.py:33 - tst_new - huobi data: , 7142.23, 7139, 7103, 7099.97, 7090, 7070, 7092.79, 7090, 7108, 7121, 7123, 7129, 7138, 7158.44, 7160.07, 7161.04, 7169, 7161, 7171.97, 7174.94, 7160.04, 7177.83, 7174.6, 7174.97, 7167.68, 7165, 7150, 7132, 7138.57, 7099.97, 7082, 7095.47, 7120, 7100, 7082.03, 7118.55, 7067, 7084.86, 7084.89, 7086, 7090, 7092.97, 7090, 7090, 7069.85, 7044.97, 7019.97, 6898.97, 6935, 6935.15
2017-03-22 21:55:20,834 - logger.py:37 - tst_new - decision: p1:6910.000000, p2:6935.150000, mu:-21.592400, sigma:18.495766, z_score:-0.192347, margin1:171.899600, margin2:146.699300
2017-03-22 21:55:20,835 - logger.py:33 - tst_new - no buy or sell this time
2017-03-22 21:56:33,841 - logger.py:33 - tst_new - ok account: cny_fr: 432.835, btc_fr: 0.00998, cny_fz: 0.0, btc_fz: 0.0, rate: 0.003, state: even, BuyPrice: 8000, 
2017-03-22 21:56:33,841 - logger.py:33 - tst_new - huobi account: cny_fr: 434.1, btc_fr: 0.0028, cny_fz: 0.0, btc_fz: 0.0, rate: 0.003, state: even, BuyPrice: 8000, 
2017-03-22 21:56:33,841 - logger.py:33 - tst_new - ok data: , 7119.0, 7099.09, 7050.02, 7064.0, 7049.91, 7049.0, 7080.0, 7088.0, 7090.73, 7102.0, 7070.21, 7069.0, 7100.0, 7127.0, 7100.11, 7150.0, 7120.0, 7130.0, 7140.0, 7166.0, 7150.0, 7143.0, 7160.0, 7146.0, 7120.0, 7123.0, 7130.0, 7118.0, 7118.01, 7097.06, 7091.3, 7070.0, 7118.95, 7100.0, 7090.0, 7088.89, 7059.0, 7060.0, 7088.18, 7040.1, 7090.0, 7071.01, 7099.0, 7076.03, 7049.0, 7037.1, 7034.14, 6888.33, 6921.0, 6910.0
2017-03-22 21:56:33,841 - logger.py:33 - tst_new - huobi data: , 7142.23, 7139, 7103, 7099.97, 7090, 7070, 7092.79, 7090, 7108, 7121, 7123, 7129, 7138, 7158.44, 7160.07, 7161.04, 7169, 7161, 7171.97, 7174.94, 7160.04, 7177.83, 7174.6, 7174.97, 7167.68, 7165, 7150, 7132, 7138.57, 7099.97, 7082, 7095.47, 7120, 7100, 7082.03, 7118.55, 7067, 7084.86, 7084.89, 7086, 7090, 7092.97, 7090, 7090, 7069.85, 7044.97, 7019.97, 6898.97, 6935, 6931.29
2017-03-22 21:56:33,842 - logger.py:37 - tst_new - decision: p1:6910.000000, p2:6931.290000, mu:-21.515200, sigma:18.488810, z_score:0.012180, margin1:171.861000, margin2:150.528420
2017-03-22 21:56:33,843 - logger.py:33 - tst_new - no buy or sell this time
2017-03-22 21:56:51,898 - logger.py:33 - tst_new - ok account: cny_fr: 432.835, btc_fr: 0.00998, cny_fz: 0.0, btc_fz: 0.0, rate: 0.003, state: even, BuyPrice: 8000, 
2017-03-22 21:56:51,899 - logger.py:33 - tst_new - huobi account: cny_fr: 434.1, btc_fr: 0.0028, cny_fz: 0.0, btc_fz: 0.0, rate: 0.003, state: even, BuyPrice: 8000, 
2017-03-22 21:56:51,899 - logger.py:33 - tst_new - ok data: , 7119.0, 7099.09, 7050.02, 7064.0, 7049.91, 7049.0, 7080.0, 7088.0, 7090.73, 7102.0, 7070.21, 7069.0, 7100.0, 7127.0, 7100.11, 7150.0, 7120.0, 7130.0, 7140.0, 7166.0, 7150.0, 7143.0, 7160.0, 7146.0, 7120.0, 7123.0, 7130.0, 7118.0, 7118.01, 7097.06, 7091.3, 7070.0, 7118.95, 7100.0, 7090.0, 7088.89, 7059.0, 7060.0, 7088.18, 7040.1, 7090.0, 7071.01, 7099.0, 7076.03, 7049.0, 7037.1, 7034.14, 6888.33, 6921.0, 6920.0
2017-03-22 21:56:51,900 - logger.py:33 - tst_new - huobi data: , 7142.23, 7139, 7103, 7099.97, 7090, 7070, 7092.79, 7090, 7108, 7121, 7123, 7129, 7138, 7158.44, 7160.07, 7161.04, 7169, 7161, 7171.97, 7174.94, 7160.04, 7177.83, 7174.6, 7174.97, 7167.68, 7165, 7150, 7132, 7138.57, 7099.97, 7082, 7095.47, 7120, 7100, 7082.03, 7118.55, 7067, 7084.86, 7084.89, 7086, 7090, 7092.97, 7090, 7090, 7069.85, 7044.97, 7019.97, 6898.97, 6935, 6935.38
2017-03-22 21:56:51,902 - logger.py:37 - tst_new - decision: p1:6920.000000, p2:6935.380000, mu:-21.397000, sigma:18.508753, z_score:0.325089, margin1:161.981900, margin2:146.571140
2017-03-22 21:56:51,903 - logger.py:33 - tst_new - no buy or sell this time
2017-03-22 21:57:13,907 - logger.py:33 - tst_new - ok account: cny_fr: 432.835, btc_fr: 0.00998, cny_fz: 0.0, btc_fz: 0.0, rate: 0.003, state: even, BuyPrice: 8000, 
2017-03-22 21:57:13,907 - logger.py:33 - tst_new - huobi account: cny_fr: 434.1, btc_fr: 0.0028, cny_fz: 0.0, btc_fz: 0.0, rate: 0.003, state: even, BuyPrice: 8000, 
2017-03-22 21:57:13,908 - logger.py:33 - tst_new - ok data: , 7119.0, 7099.09, 7050.02, 7064.0, 7049.91, 7049.0, 7080.0, 7088.0, 7090.73, 7102.0, 7070.21, 7069.0, 7100.0, 7127.0, 7100.11, 7150.0, 7120.0, 7130.0, 7140.0, 7166.0, 7150.0, 7143.0, 7160.0, 7146.0, 7120.0, 7123.0, 7130.0, 7118.0, 7118.01, 7097.06, 7091.3, 7070.0, 7118.95, 7100.0, 7090.0, 7088.89, 7059.0, 7060.0, 7088.18, 7040.1, 7090.0, 7071.01, 7099.0, 7076.03, 7049.0, 7037.1, 7034.14, 6888.33, 6921.0, 6910.0
2017-03-22 21:57:13,908 - logger.py:33 - tst_new - huobi data: , 7142.23, 7139, 7103, 7099.97, 7090, 7070, 7092.79, 7090, 7108, 7121, 7123, 7129, 7138, 7158.44, 7160.07, 7161.04, 7169, 7161, 7171.97, 7174.94, 7160.04, 7177.83, 7174.6, 7174.97, 7167.68, 7165, 7150, 7132, 7138.57, 7099.97, 7082, 7095.47, 7120, 7100, 7082.03, 7118.55, 7067, 7084.86, 7084.89, 7086, 7090, 7092.97, 7090, 7090, 7069.85, 7044.97, 7019.97, 6898.97, 6935, 6938.19
2017-03-22 21:57:13,910 - logger.py:37 - tst_new - decision: p1:6910.000000, p2:6938.190000, mu:-21.653200, sigma:18.512350, z_score:-0.353105, margin1:171.930000, margin2:143.683620
2017-03-22 21:57:13,911 - logger.py:33 - tst_new - no buy or sell this time
